2021-10-01 15:46:37,630 [INFO] Activator:170 - 


2021-10-01 15:46:37,632 [INFO] Activator:171 - !SESSION log4j initialized
2021-10-01 15:46:45,109 [INFO] McuFinderGlobals:40 - Set McuFinder mode to 2 (CubeIDE integrated)
2021-10-01 15:46:45,334 [INFO] ApplicationProperties:181 - Using Application install path: C:\Program Files\STMicroelectronics\STM32Cube\STM32CubeIDE_1.5.1\STM32CubeIDE\plugins\com.st.stm32cube.common.mx_6.1.1.202012091304
2021-10-01 15:46:45,343 [INFO] DbMcusXml:71 - Set database path to: C:\Program Files\STMicroelectronics\STM32Cube\STM32CubeIDE_1.5.1\STM32CubeIDE\plugins\com.st.stm32cube.common.mx_6.1.1.202012091304\\db\/mcu/
2021-10-01 15:46:45,346 [INFO] DbBoardsPdsc:57 - Set plugin database path to: C:\Program Files\STMicroelectronics\STM32Cube\STM32CubeIDE_1.5.1\STM32CubeIDE\plugins\com.st.stm32cube.common.mx_6.1.1.202012091304\\db\/plugins/boardmanager/
2021-10-01 15:46:45,346 [INFO] DbMcus:259 - Set plugin images path to: C:\Program Files\STMicroelectronics\STM32Cube\STM32CubeIDE_1.5.1\STM32CubeIDE\plugins\com.st.stm32cube.common.mx_6.1.1.202012091304\\db\/plugins/mcufinder/images/
2021-10-01 15:46:45,346 [INFO] DbBoards:265 - Set plugin images path to: C:\Program Files\STMicroelectronics\STM32Cube\STM32CubeIDE_1.5.1\STM32CubeIDE\plugins\com.st.stm32cube.common.mx_6.1.1.202012091304\\db\/plugins/mcufinder/images/
2021-10-01 15:46:45,348 [INFO] DbExamples:329 - Set plugin images path to: C:\Program Files\STMicroelectronics\STM32Cube\STM32CubeIDE_1.5.1\STM32CubeIDE\plugins\com.st.stm32cube.common.mx_6.1.1.202012091304\\db\/plugins/mcufinder/images/
2021-10-01 15:46:45,353 [INFO] DbMcusDocs:112 - Set database path to: C:\Users\frisc_000\.stmcufinder\plugins\mcufinder//mcu/
2021-10-01 15:46:45,354 [INFO] DbMcusJson:63 - Set database path to: C:\Users\frisc_000\.stmcufinder\plugins\mcufinder//mcu/
2021-10-01 15:46:45,355 [INFO] DbBoardsDocs:112 - Set database path to: C:\Users\frisc_000\.stmcufinder\plugins\mcufinder//mcu/
2021-10-01 15:46:45,356 [INFO] DbBoardsJson:56 - Set database path to: C:\Users\frisc_000\.stmcufinder\plugins\mcufinder//mcu/
2021-10-01 15:46:45,358 [INFO] CrossReferenceDbSqlite:196 - Set database path to: C:\Users\frisc_000\.stmcufinder\plugins\mcufinder//mcu/cs/
2021-10-01 15:46:45,362 [INFO] DbExamplesSqlite:699 - Set database path to: C:\Users\frisc_000\.stmcufinder\plugins\mcufinder//mcu/
2021-10-01 15:46:45,467 [INFO] RulesReader:52 - Compatibility file has been processed (228 Rules)
2021-10-01 15:46:45,542 [INFO] MicroXplorer:565 - Detected Java Version = 1.8.0_272
2021-10-01 15:46:45,543 [INFO] DbMcusXml:71 - Set database path to: C:\Program Files\STMicroelectronics\STM32Cube\STM32CubeIDE_1.5.1\STM32CubeIDE\plugins\com.st.stm32cube.common.mx_6.1.1.202012091304\\db\/mcu/
2021-10-01 15:46:45,543 [INFO] DbBoardsPdsc:57 - Set plugin database path to: C:\Program Files\STMicroelectronics\STM32Cube\STM32CubeIDE_1.5.1\STM32CubeIDE\plugins\com.st.stm32cube.common.mx_6.1.1.202012091304\\db\/plugins/boardmanager/
2021-10-01 15:46:45,544 [INFO] DbMcus:259 - Set plugin images path to: C:\Program Files\STMicroelectronics\STM32Cube\STM32CubeIDE_1.5.1\STM32CubeIDE\plugins\com.st.stm32cube.common.mx_6.1.1.202012091304\\db\/plugins/mcufinder/images/
2021-10-01 15:46:45,544 [INFO] DbBoards:265 - Set plugin images path to: C:\Program Files\STMicroelectronics\STM32Cube\STM32CubeIDE_1.5.1\STM32CubeIDE\plugins\com.st.stm32cube.common.mx_6.1.1.202012091304\\db\/plugins/mcufinder/images/
2021-10-01 15:46:45,544 [INFO] DbExamples:329 - Set plugin images path to: C:\Program Files\STMicroelectronics\STM32Cube\STM32CubeIDE_1.5.1\STM32CubeIDE\plugins\com.st.stm32cube.common.mx_6.1.1.202012091304\\db\/plugins/mcufinder/images/
2021-10-01 15:46:45,544 [WARN] DbFile:36 - Overriding database path with different value: C:\Users\frisc_000\.stmcufinder\plugins\mcufinder/ => C:\Users\frisc_000\.stmcufinder\plugins\mcufinder
2021-10-01 15:46:45,544 [INFO] DbMcusDocs:112 - Set database path to: C:\Users\frisc_000\.stmcufinder\plugins\mcufinder//mcu/
2021-10-01 15:46:45,544 [WARN] DbFile:36 - Overriding database path with different value: C:\Users\frisc_000\.stmcufinder\plugins\mcufinder/ => C:\Users\frisc_000\.stmcufinder\plugins\mcufinder
2021-10-01 15:46:45,545 [INFO] DbMcusJson:63 - Set database path to: C:\Users\frisc_000\.stmcufinder\plugins\mcufinder//mcu/
2021-10-01 15:46:45,545 [WARN] DbFile:36 - Overriding database path with different value: C:\Users\frisc_000\.stmcufinder\plugins\mcufinder/ => C:\Users\frisc_000\.stmcufinder\plugins\mcufinder
2021-10-01 15:46:45,545 [INFO] DbBoardsDocs:112 - Set database path to: C:\Users\frisc_000\.stmcufinder\plugins\mcufinder//mcu/
2021-10-01 15:46:45,545 [WARN] DbFile:36 - Overriding database path with different value: C:\Users\frisc_000\.stmcufinder\plugins\mcufinder/ => C:\Users\frisc_000\.stmcufinder\plugins\mcufinder
2021-10-01 15:46:45,545 [INFO] DbBoardsJson:56 - Set database path to: C:\Users\frisc_000\.stmcufinder\plugins\mcufinder//mcu/
2021-10-01 15:46:45,545 [WARN] DbFile:36 - Overriding database path with different value: C:\Users\frisc_000\.stmcufinder\plugins\mcufinder/ => C:\Users\frisc_000\.stmcufinder\plugins\mcufinder
2021-10-01 15:46:45,546 [WARN] DbFile:36 - Overriding database path with different value: C:\Users\frisc_000\.stmcufinder\plugins\mcufinder/ => C:\Users\frisc_000\.stmcufinder\plugins\mcufinder
2021-10-01 15:46:45,546 [INFO] CrossReferenceDbSqlite:196 - Set database path to: C:\Users\frisc_000\.stmcufinder\plugins\mcufinder//mcu/cs/
2021-10-01 15:46:45,546 [WARN] DbFile:36 - Overriding database path with different value: C:\Users\frisc_000\.stmcufinder\plugins\mcufinder/ => C:\Users\frisc_000\.stmcufinder\plugins\mcufinder
2021-10-01 15:46:45,546 [INFO] DbExamplesSqlite:699 - Set database path to: C:\Users\frisc_000\.stmcufinder\plugins\mcufinder//mcu/
2021-10-01 15:46:45,603 [INFO] MainPanel:190 - HeapMemory: 268435456
2021-10-01 15:46:45,656 [INFO] DbMcusXml:71 - Set database path to: C:\Program Files\STMicroelectronics\STM32Cube\STM32CubeIDE_1.5.1\STM32CubeIDE\plugins\com.st.stm32cube.common.mx_6.1.1.202012091304\\db\/mcu/
2021-10-01 15:46:45,656 [INFO] DbBoardsPdsc:57 - Set plugin database path to: C:\Program Files\STMicroelectronics\STM32Cube\STM32CubeIDE_1.5.1\STM32CubeIDE\plugins\com.st.stm32cube.common.mx_6.1.1.202012091304\\db\/plugins/boardmanager/
2021-10-01 15:46:45,656 [INFO] DbMcus:259 - Set plugin images path to: C:\Program Files\STMicroelectronics\STM32Cube\STM32CubeIDE_1.5.1\STM32CubeIDE\plugins\com.st.stm32cube.common.mx_6.1.1.202012091304\\db\/plugins/mcufinder/images/
2021-10-01 15:46:45,657 [INFO] DbBoards:265 - Set plugin images path to: C:\Program Files\STMicroelectronics\STM32Cube\STM32CubeIDE_1.5.1\STM32CubeIDE\plugins\com.st.stm32cube.common.mx_6.1.1.202012091304\\db\/plugins/mcufinder/images/
2021-10-01 15:46:45,657 [INFO] DbExamples:329 - Set plugin images path to: C:\Program Files\STMicroelectronics\STM32Cube\STM32CubeIDE_1.5.1\STM32CubeIDE\plugins\com.st.stm32cube.common.mx_6.1.1.202012091304\\db\/plugins/mcufinder/images/
2021-10-01 15:46:45,657 [WARN] DbFile:36 - Overriding database path with different value: C:\Users\frisc_000\.stmcufinder\plugins\mcufinder/ => C:\Users\frisc_000\.stmcufinder\plugins\mcufinder
2021-10-01 15:46:45,657 [INFO] DbMcusDocs:112 - Set database path to: C:\Users\frisc_000\.stmcufinder\plugins\mcufinder//mcu/
2021-10-01 15:46:45,657 [WARN] DbFile:36 - Overriding database path with different value: C:\Users\frisc_000\.stmcufinder\plugins\mcufinder/ => C:\Users\frisc_000\.stmcufinder\plugins\mcufinder
2021-10-01 15:46:45,658 [INFO] DbMcusJson:63 - Set database path to: C:\Users\frisc_000\.stmcufinder\plugins\mcufinder//mcu/
2021-10-01 15:46:45,658 [WARN] DbFile:36 - Overriding database path with different value: C:\Users\frisc_000\.stmcufinder\plugins\mcufinder/ => C:\Users\frisc_000\.stmcufinder\plugins\mcufinder
2021-10-01 15:46:45,658 [INFO] DbBoardsDocs:112 - Set database path to: C:\Users\frisc_000\.stmcufinder\plugins\mcufinder//mcu/
2021-10-01 15:46:45,658 [WARN] DbFile:36 - Overriding database path with different value: C:\Users\frisc_000\.stmcufinder\plugins\mcufinder/ => C:\Users\frisc_000\.stmcufinder\plugins\mcufinder
2021-10-01 15:46:45,658 [INFO] DbBoardsJson:56 - Set database path to: C:\Users\frisc_000\.stmcufinder\plugins\mcufinder//mcu/
2021-10-01 15:46:45,658 [WARN] DbFile:36 - Overriding database path with different value: C:\Users\frisc_000\.stmcufinder\plugins\mcufinder/ => C:\Users\frisc_000\.stmcufinder\plugins\mcufinder
2021-10-01 15:46:45,658 [WARN] DbFile:36 - Overriding database path with different value: C:\Users\frisc_000\.stmcufinder\plugins\mcufinder/ => C:\Users\frisc_000\.stmcufinder\plugins\mcufinder
2021-10-01 15:46:45,659 [INFO] CrossReferenceDbSqlite:196 - Set database path to: C:\Users\frisc_000\.stmcufinder\plugins\mcufinder//mcu/cs/
2021-10-01 15:46:45,659 [WARN] DbFile:36 - Overriding database path with different value: C:\Users\frisc_000\.stmcufinder\plugins\mcufinder/ => C:\Users\frisc_000\.stmcufinder\plugins\mcufinder
2021-10-01 15:46:45,659 [INFO] DbExamplesSqlite:699 - Set database path to: C:\Users\frisc_000\.stmcufinder\plugins\mcufinder//mcu/
2021-10-01 15:46:45,674 [INFO] ApplicationProperties:181 - Using Application install path: C:\Program Files\STMicroelectronics\STM32Cube\STM32CubeIDE_1.5.1\STM32CubeIDE\plugins\com.st.stm32cube.common.mx_6.1.1.202012091304
2021-10-01 15:46:45,676 [INFO] PluginManage:178 - Search for loadable plugins [exclusion list=, ]
2021-10-01 15:46:45,677 [INFO] PluginManage:292 - Check plugin analytics
2021-10-01 15:46:45,820 [INFO] AnalyticsPlugin:225 - Accepted Software Licenses: STM32CubeMX.6.1.0
2021-10-01 15:46:45,821 [INFO] AnalyticsPlugin:227 - Accepted CMSIS Pack Licenses: 
2021-10-01 15:46:45,821 [INFO] AnalyticsPlugin:229 - Accepted Firmware Licenses: 
2021-10-01 15:46:45,821 [INFO] PluginManage:342 - Loaded plugin analytics (category:tool,tabindex:-1)
2021-10-01 15:46:45,822 [INFO] PluginManage:292 - Check plugin clock
2021-10-01 15:46:45,836 [INFO] PluginManage:342 - Loaded plugin clock (category:base,tabindex:2)
2021-10-01 15:46:45,837 [INFO] PluginManage:292 - Check plugin ddr
2021-10-01 15:46:45,840 [INFO] PluginManage:342 - Loaded plugin ddr (category:tool,tabindex:6)
2021-10-01 15:46:45,840 [INFO] PluginManage:292 - Check plugin filemanager
2021-10-01 15:46:45,946 [INFO] PluginManage:342 - Loaded plugin filemanager (category:base,tabindex:10)
2021-10-01 15:46:45,947 [INFO] PluginManage:292 - Check plugin ipmanager
2021-10-01 15:46:45,953 [INFO] PluginManage:342 - Loaded plugin ipmanager (category:base,tabindex:5)
2021-10-01 15:46:45,954 [INFO] PluginManage:292 - Check plugin pinoutandconfiguration
2021-10-01 15:46:45,962 [INFO] PluginManage:342 - Loaded plugin pinoutandconfiguration (category:base,tabindex:1)
2021-10-01 15:46:45,963 [INFO] PluginManage:292 - Check plugin pinoutconfig
2021-10-01 15:46:45,986 [INFO] PluginManage:342 - Loaded plugin pinoutconfig (category:base,tabindex:0)
2021-10-01 15:46:45,986 [INFO] PluginManage:292 - Check plugin power
2021-10-01 15:46:45,994 [INFO] PluginManage:342 - Loaded plugin power (category:power,tabindex:4)
2021-10-01 15:46:45,994 [INFO] PluginManage:292 - Check plugin projectmanager
2021-10-01 15:46:46,008 [INFO] PluginManage:342 - Loaded plugin projectmanager (category:projectmanager,tabindex:3)
2021-10-01 15:46:46,009 [INFO] PluginManage:292 - Check plugin thirdparty
2021-10-01 15:46:46,106 [INFO] PluginManage:342 - Loaded plugin thirdparty (category:base,tabindex:-1)
2021-10-01 15:46:46,106 [WARN] IntegrityCheckThread:59 - waiting for thirdparty lock release [integrity check]
2021-10-01 15:46:46,106 [INFO] PluginManage:292 - Check plugin tools
2021-10-01 15:46:46,107 [INFO] IntegrityCheckThread:61 - entering critical section [integrity check]
2021-10-01 15:46:46,107 [INFO] ThirdPartyUpdaterWithRetryManager:56 - Updater plugin not ready yet. [1/15]
2021-10-01 15:46:46,109 [INFO] PluginManage:342 - Loaded plugin tools (category:base,tabindex:7)
2021-10-01 15:46:46,109 [INFO] PluginManage:292 - Check plugin tutovideos
2021-10-01 15:46:46,313 [INFO] PluginManage:342 - Loaded plugin tutovideos (category:base,tabindex:-1)
2021-10-01 15:46:46,313 [INFO] PluginManage:292 - Check plugin updater
2021-10-01 15:46:46,322 [INFO] PluginManage:342 - Loaded plugin updater (category:base,tabindex:12)
2021-10-01 15:46:46,322 [INFO] PluginManage:265 - PluginManage : Loaded plugins [13]
2021-10-01 15:46:46,459 [INFO] PinOutPanel:1434 - setPackage(No Configuration,No Configuration)
2021-10-01 15:46:46,532 [INFO] IPUIPlugin:64 - create IPUIPlugin
2021-10-01 15:46:46,532 [INFO] PluginManager:203 - loadIPPluginJar : add adc
2021-10-01 15:46:46,534 [INFO] IPUIPlugin:64 - create IPUIPlugin
2021-10-01 15:46:46,534 [INFO] PluginManager:203 - loadIPPluginJar : add aes
2021-10-01 15:46:46,536 [INFO] IPUIPlugin:64 - create IPUIPlugin
2021-10-01 15:46:46,536 [INFO] PluginManager:203 - loadIPPluginJar : add can
2021-10-01 15:46:46,538 [INFO] IPUIPlugin:64 - create IPUIPlugin
2021-10-01 15:46:46,538 [INFO] PluginManager:203 - loadIPPluginJar : add comp
2021-10-01 15:46:46,542 [INFO] IPUIPlugin:64 - create IPUIPlugin
2021-10-01 15:46:46,543 [INFO] PluginManager:203 - loadIPPluginJar : add cryp
2021-10-01 15:46:46,545 [INFO] IPUIPlugin:64 - create IPUIPlugin
2021-10-01 15:46:46,545 [INFO] PluginManager:203 - loadIPPluginJar : add dfsdm
2021-10-01 15:46:46,550 [INFO] IPUIPlugin:64 - create IPUIPlugin
2021-10-01 15:46:46,550 [INFO] PluginManager:203 - loadIPPluginJar : add dma
2021-10-01 15:46:46,551 [INFO] IPUIPlugin:64 - create IPUIPlugin
2021-10-01 15:46:46,552 [INFO] PluginManager:203 - loadIPPluginJar : add fatfs
2021-10-01 15:46:46,555 [INFO] IPUIPlugin:64 - create IPUIPlugin
2021-10-01 15:46:46,555 [INFO] PluginManager:203 - loadIPPluginJar : add fmc
2021-10-01 15:46:46,560 [INFO] IPUIPlugin:64 - create IPUIPlugin
2021-10-01 15:46:46,561 [INFO] PluginManager:203 - loadIPPluginJar : add freertos
2021-10-01 15:46:46,562 [INFO] IPUIPlugin:64 - create IPUIPlugin
2021-10-01 15:46:46,562 [INFO] PluginManager:203 - loadIPPluginJar : add genericplugin
2021-10-01 15:46:46,564 [INFO] IPUIPlugin:64 - create IPUIPlugin
2021-10-01 15:46:46,564 [INFO] PluginManager:203 - loadIPPluginJar : add gfxmmu
2021-10-01 15:46:46,569 [INFO] IPUIPlugin:64 - create IPUIPlugin
2021-10-01 15:46:46,569 [INFO] PluginManager:203 - loadIPPluginJar : add gic
2021-10-01 15:46:46,572 [INFO] IPUIPlugin:64 - create IPUIPlugin
2021-10-01 15:46:46,573 [INFO] PluginManager:203 - loadIPPluginJar : add gpio
2021-10-01 15:46:46,575 [INFO] IPUIPlugin:64 - create IPUIPlugin
2021-10-01 15:46:46,575 [INFO] PluginManager:203 - loadIPPluginJar : add gtzc
2021-10-01 15:46:46,577 [INFO] IPUIPlugin:64 - create IPUIPlugin
2021-10-01 15:46:46,577 [INFO] PluginManager:203 - loadIPPluginJar : add hash
2021-10-01 15:46:46,579 [INFO] IPUIPlugin:64 - create IPUIPlugin
2021-10-01 15:46:46,579 [INFO] PluginManager:203 - loadIPPluginJar : add i2c
2021-10-01 15:46:46,581 [INFO] IPUIPlugin:64 - create IPUIPlugin
2021-10-01 15:46:46,582 [INFO] PluginManager:203 - loadIPPluginJar : add i2s
2021-10-01 15:46:46,584 [INFO] IPUIPlugin:64 - create IPUIPlugin
2021-10-01 15:46:46,584 [INFO] PluginManager:203 - loadIPPluginJar : add ipddr
2021-10-01 15:46:46,586 [INFO] IPUIPlugin:64 - create IPUIPlugin
2021-10-01 15:46:46,586 [INFO] PluginManager:203 - loadIPPluginJar : add lorawan
2021-10-01 15:46:46,587 [INFO] IPUIPlugin:64 - create IPUIPlugin
2021-10-01 15:46:46,588 [INFO] PluginManager:203 - loadIPPluginJar : add ltdc
2021-10-01 15:46:46,591 [INFO] IPUIPlugin:64 - create IPUIPlugin
2021-10-01 15:46:46,591 [INFO] PluginManager:203 - loadIPPluginJar : add mdma
2021-10-01 15:46:46,594 [INFO] IPUIPlugin:64 - create IPUIPlugin
2021-10-01 15:46:46,594 [INFO] PluginManager:203 - loadIPPluginJar : add nvic
2021-10-01 15:46:46,596 [INFO] IPUIPlugin:64 - create IPUIPlugin
2021-10-01 15:46:46,596 [INFO] PluginManager:203 - loadIPPluginJar : add opamp
2021-10-01 15:46:46,597 [INFO] IPUIPlugin:64 - create IPUIPlugin
2021-10-01 15:46:46,597 [INFO] PluginManager:203 - loadIPPluginJar : add openamp
2021-10-01 15:46:46,600 [INFO] IPUIPlugin:64 - create IPUIPlugin
2021-10-01 15:46:46,600 [INFO] PluginManager:203 - loadIPPluginJar : add pdm2pcm
2021-10-01 15:46:46,605 [INFO] IPUIPlugin:64 - create IPUIPlugin
2021-10-01 15:46:46,608 [INFO] PluginManager:203 - loadIPPluginJar : add plateformsettings
2021-10-01 15:46:46,609 [INFO] IPUIPlugin:64 - create IPUIPlugin
2021-10-01 15:46:46,609 [INFO] PluginManager:203 - loadIPPluginJar : add quadspi
2021-10-01 15:46:46,612 [INFO] IPUIPlugin:64 - create IPUIPlugin
2021-10-01 15:46:46,612 [INFO] PluginManager:203 - loadIPPluginJar : add resmgrutility
2021-10-01 15:46:46,615 [INFO] IPUIPlugin:64 - create IPUIPlugin
2021-10-01 15:46:46,615 [INFO] PluginManager:203 - loadIPPluginJar : add sai
2021-10-01 15:46:46,617 [INFO] IPUIPlugin:64 - create IPUIPlugin
2021-10-01 15:46:46,617 [INFO] PluginManager:203 - loadIPPluginJar : add spi
2021-10-01 15:46:46,620 [INFO] IPUIPlugin:64 - create IPUIPlugin
2021-10-01 15:46:46,620 [INFO] PluginManager:203 - loadIPPluginJar : add stm32_wpan
2021-10-01 15:46:46,621 [INFO] IPUIPlugin:64 - create IPUIPlugin
2021-10-01 15:46:46,622 [INFO] PluginManager:203 - loadIPPluginJar : add tim
2021-10-01 15:46:46,624 [INFO] IPUIPlugin:64 - create IPUIPlugin
2021-10-01 15:46:46,624 [INFO] PluginManager:203 - loadIPPluginJar : add touchsensing
2021-10-01 15:46:46,626 [INFO] IPUIPlugin:64 - create IPUIPlugin
2021-10-01 15:46:46,626 [INFO] PluginManager:203 - loadIPPluginJar : add tracer_emb
2021-10-01 15:46:46,627 [INFO] IPUIPlugin:64 - create IPUIPlugin
2021-10-01 15:46:46,627 [INFO] PluginManager:203 - loadIPPluginJar : add ts
2021-10-01 15:46:46,629 [INFO] IPUIPlugin:64 - create IPUIPlugin
2021-10-01 15:46:46,629 [INFO] PluginManager:203 - loadIPPluginJar : add tsc
2021-10-01 15:46:46,630 [INFO] IPUIPlugin:64 - create IPUIPlugin
2021-10-01 15:46:46,630 [INFO] PluginManager:203 - loadIPPluginJar : add ucpd
2021-10-01 15:46:46,632 [INFO] IPUIPlugin:64 - create IPUIPlugin
2021-10-01 15:46:46,633 [INFO] PluginManager:203 - loadIPPluginJar : add usart
2021-10-01 15:46:46,890 [FATAL] Updater:284 - Updater called before beeing initialized
2021-10-01 15:46:46,976 [FATAL] Updater:284 - Updater called before beeing initialized
2021-10-01 15:46:47,013 [WARN] DetailPanel:347 - Failed to get advertising image, set to default
2021-10-01 15:46:47,016 [FATAL] Updater:284 - Updater called before beeing initialized
2021-10-01 15:46:47,016 [WARN] DetailPanel:347 - Failed to get advertising image, set to default
2021-10-01 15:46:47,055 [FATAL] Updater:284 - Updater called before beeing initialized
2021-10-01 15:46:47,056 [WARN] ThirdParty:783 - waiting for thirdparty lock release [close project]
2021-10-01 15:46:49,116 [INFO] ThirdPartyUpdaterWithRetryManager:56 - Updater plugin not ready yet. [2/15]
2021-10-01 15:46:52,120 [FATAL] Updater:284 - Updater called before beeing initialized
2021-10-01 15:46:52,120 [ERROR] AbstractThirdPartyUpdaterManager:153 - java.lang.Integer cannot be cast to java.util.List
2021-10-01 15:46:52,120 [INFO] ThirdParty:887 - Integrity check success = false
2021-10-01 15:46:52,120 [INFO] IntegrityCheckThread:75 - exiting critical section [integrity check]
2021-10-01 15:46:52,120 [INFO] IntegrityCheckThread:78 - End integrity checks thread
2021-10-01 15:46:52,120 [INFO] ThirdParty:785 - entering critical section [close project]
2021-10-01 15:46:52,122 [INFO] ThirdParty:796 - exiting critical section [close project]
2021-10-01 15:46:52,124 [INFO] PinOutPanel:1434 - setPackage(No Configuration,No Configuration)
2021-10-01 15:46:52,124 [FATAL] Updater:284 - Updater called before beeing initialized
2021-10-01 15:46:52,131 [ERROR] Updater:1065 - MainUpdater not yet initialized. External WinMGr cannot be set.
2021-10-01 15:46:52,132 [INFO] Updater:1002 - Updater Version found : 6.1.1
2021-10-01 15:46:52,147 [INFO] ApplicationProperties:181 - Using Application install path: C:\Program Files\STMicroelectronics\STM32Cube\STM32CubeIDE_1.5.1\STM32CubeIDE\plugins\com.st.stm32cube.common.mx_6.1.1.202012091304
2021-10-01 15:46:52,248 [INFO] MainUpdater:2644 - connection check result : 10
2021-10-01 15:46:52,248 [INFO] MainUpdater:249 - Updater Check For Update Now.
2021-10-01 15:46:52,248 [INFO] MicroXplorer:415 - Change Database Version : DB.6.0.10
2021-10-01 15:46:52,292 [INFO] CheckServerUpdateThread:102 - End of CheckServer Thread
2021-10-01 15:46:52,353 [INFO] MainUpdater:2644 - connection check result : 10
2021-10-01 15:46:52,734 [INFO] CrossSelectorPresenter:1330 - Cross Selector saved comparison directory: C:\Users\frisc_000\.stmcufinder\plugins\mcufinder\mcu\cs_comparisons_mx
2021-10-01 15:46:52,738 [INFO] MultiScanPanel:198 - Auto-refresh data requested => check proxy status ongoing
2021-10-01 15:46:52,740 [INFO] FinderPluginLoader:87 - Searching for filters in installed packs
2021-10-01 15:46:52,741 [INFO] DbMcusXml:97 - Load MCU database from C:\Program Files\STMicroelectronics\STM32Cube\STM32CubeIDE_1.5.1\STM32CubeIDE\plugins\com.st.stm32cube.common.mx_6.1.1.202012091304\\db\/mcu/families.xml
2021-10-01 15:46:53,321 [INFO] DbMcusJson:92 - JSON generation date=Mon Jun 07 03:53:21 CDT 2021 (1623056001)
2021-10-01 15:46:54,013 [INFO] DbMcus:176 - Found 1835 MCUs (1796 are supported by CubeMX, 1826 are visible in CubeMX)
2021-10-01 15:46:54,013 [INFO] ApiDb:238 - Load user favorites file C:\Users\frisc_000/.stm32cubeide/favorites.mcus.txt: 0 item(s)
2021-10-01 15:46:54,014 [INFO] ApiDb:242 - User favorites MCUs=[]
2021-10-01 15:46:54,014 [INFO] DbMcus:188 - Set 0 / 0 favorites MCUs
2021-10-01 15:46:54,423 [INFO] DetailPanel:344 - Set advertising image to C:/Users/frisc_000/STM32Cube/Repository/\stm32cubemx-promo_image.jpg
2021-10-01 15:46:54,714 [INFO] McuFilterPanel:245 - Update 0 favorites MCUs
2021-10-01 15:46:54,804 [INFO] DbBoardsPdsc:91 - Found 24 items
2021-10-01 15:46:54,806 [INFO] DbBoardsPdsc:91 - Found 9 items
2021-10-01 15:46:54,809 [INFO] DbBoardsPdsc:91 - Found 32 items
2021-10-01 15:46:54,811 [INFO] DbBoardsPdsc:91 - Found 1 items
2021-10-01 15:46:54,816 [INFO] DbBoardsPdsc:91 - Found 45 items
2021-10-01 15:46:54,821 [INFO] DbBoardsPdsc:91 - Found 41 items
2021-10-01 15:46:54,823 [INFO] DbBoardsPdsc:91 - Found 2 items
2021-10-01 15:46:54,824 [INFO] DbBoardsPdsc:91 - Found 4 items
2021-10-01 15:46:54,830 [WARN] DbBoardsPdsc:255 - Board STM32H7B3I-DK: unknown feature type=Audio, name=, username=Audio stereo codec with Headphone Amp (CS42L51-CNZ), n=1
2021-10-01 15:46:54,840 [WARN] DbBoardsPdsc:255 - Board STM32H735G-DK: unknown feature type=Audio, name=, username=Audio stereo codec with Headphone Amp (WM8994ECS/R), n=1
2021-10-01 15:46:54,842 [WARN] DbBoardsPdsc:255 - Board STM32H7B3I-EVAL: unknown feature type=Audio, name=, username=Multi-Channel Audio Codec (CS42L51-CNZ), n=1
2021-10-01 15:46:54,842 [WARN] DbBoardsPdsc:255 - Board STM32H7B3I-EVAL: unknown feature type=Meter, name=, username=Power-metering and Temperature-monitoring with sigma-delta modulators, n=1
2021-10-01 15:46:54,842 [WARN] DbBoardsPdsc:255 - Board STM32H7B3I-EVAL: unknown feature type=Motor, name=, username=Motor Control, n=1
2021-10-01 15:46:54,866 [INFO] DbBoardsJson:85 - JSON generation date=Tue Jun 01 00:52:40 CDT 2021 (1622526760)
2021-10-01 15:46:54,871 [INFO] DbBoards:118 - Found 160 boards (155 are supported by CubeMX)
2021-10-01 15:46:54,878 [INFO] DbBoardsDocs:145 - JSON generation date=Tue Jun 01 00:52:40 CDT 2021 (1622526760)
2021-10-01 15:46:54,895 [INFO] DbBoardsDocs:81 - Found 193 boards documents
2021-10-01 15:46:54,895 [WARN] DbBoards:128 - board B-L462E-CELL1 has no document id list !
2021-10-01 15:46:54,895 [WARN] DbBoards:128 - board B-L475E-IOT01A2 has no document id list !
2021-10-01 15:46:54,896 [WARN] DbBoards:128 - board NUCLEO-G0B1RE has no document id list !
2021-10-01 15:46:54,897 [WARN] DbBoards:128 - board NUCLEO-H743ZI has no document id list !
2021-10-01 15:46:54,897 [WARN] DbBoards:128 - board NUCLEO-L4A6ZG has no document id list !
2021-10-01 15:46:54,898 [WARN] DbBoards:128 - board NUCLEO-WB55RG has no document id list !
2021-10-01 15:46:54,898 [WARN] DbBoards:128 - board NUCLEO-WL55JC1 has no document id list !
2021-10-01 15:46:54,898 [WARN] DbBoards:128 - board NUCLEO-WL55JC2 has no document id list !
2021-10-01 15:46:54,898 [WARN] DbBoards:128 - board P-NUCLEO-WB55-Nucleo has no document id list !
2021-10-01 15:46:54,898 [WARN] DbBoards:128 - board P-NUCLEO-WB55-USBDongle has no document id list !
2021-10-01 15:46:54,898 [WARN] DbBoards:128 - board STEVAL-BFA001V1B has no document id list !
2021-10-01 15:46:54,898 [WARN] DbBoards:128 - board STEVAL-BFA001V2B has no document id list !
2021-10-01 15:46:54,898 [WARN] DbBoards:128 - board STEVAL-IDP005V1 has no document id list !
2021-10-01 15:46:54,898 [WARN] DbBoards:128 - board STEVAL-IDP005V2 has no document id list !
2021-10-01 15:46:54,898 [WARN] DbBoards:128 - board STEVAL-MKSBOX1V1 has no document id list !
2021-10-01 15:46:54,899 [WARN] DbBoards:128 - board STEVAL-STWINKT1 has no document id list !
2021-10-01 15:46:54,899 [WARN] DbBoards:128 - board STEVAL-STWINKT1B has no document id list !
2021-10-01 15:46:54,899 [WARN] DbBoards:128 - board STM32F401C-DISCO has no document id list !
2021-10-01 15:46:54,900 [WARN] DbBoards:128 - board STM32F769I-DISC1 has no document id list !
2021-10-01 15:46:54,900 [WARN] DbBoards:128 - board STM32G0C1E-EV has no document id list !
2021-10-01 15:46:54,900 [WARN] DbBoards:128 - board STM32G474E-EVAL1 has no document id list !
2021-10-01 15:46:54,901 [WARN] DbBoards:128 - board STM32H743I-EVAL2 has no document id list !
2021-10-01 15:46:54,901 [WARN] DbBoards:128 - board STM32H747I-DISC1 has no document id list !
2021-10-01 15:46:54,901 [WARN] DbBoards:128 - board STM32H753I-EVAL2 has no document id list !
2021-10-01 15:46:54,901 [WARN] DbBoards:128 - board STM32L-DISCOVERY has no document id list !
2021-10-01 15:46:54,902 [WARN] DbBoards:128 - board STM32MP157A-DK1 has no document id list !
2021-10-01 15:46:54,902 [WARN] DbBoards:128 - board STM32MP157F-DK2 has no document id list !
2021-10-01 15:46:54,902 [WARN] DbBoards:128 - board STM32MP157F-EV1 has no document id list !
2021-10-01 15:46:55,247 [ERROR] DbBoards:190 - Image file not found for board NUCLEO-WL55JC: C:\Program Files\STMicroelectronics\STM32Cube\STM32CubeIDE_1.5.1\STM32CubeIDE\plugins\com.st.stm32cube.common.mx_6.1.1.202012091304\\db\/plugins/mcufinder/images/boards/nucleo-wl55jc-small.jpg
2021-10-01 15:46:55,426 [ERROR] DbBoards:190 - Image file not found for board STEVAL-STWINKT1B: C:\Program Files\STMicroelectronics\STM32Cube\STM32CubeIDE_1.5.1\STM32CubeIDE\plugins\com.st.stm32cube.common.mx_6.1.1.202012091304\\db\/plugins/mcufinder/images/boards/steval-stwinkt1b_small.jpg
2021-10-01 15:46:55,791 [ERROR] DbBoards:190 - Image file not found for board STM32H7B3I-EVAL: C:\Program Files\STMicroelectronics\STM32Cube\STM32CubeIDE_1.5.1\STM32CubeIDE\plugins\com.st.stm32cube.common.mx_6.1.1.202012091304\\db\/plugins/mcufinder/images/boards/stm32h7b3ieval_small.jpg
2021-10-01 15:46:55,973 [INFO] ApiDb:238 - Load user favorites file C:\Users\frisc_000/.stm32cubeide/favorites.boards.txt: 0 item(s)
2021-10-01 15:46:55,973 [INFO] ApiDb:242 - User favorites Boards=[]
2021-10-01 15:46:55,973 [INFO] DbBoards:207 - Set 0 / 0 favorites Boards
2021-10-01 15:47:13,670 [INFO] DbMcusDocs:145 - JSON generation date=Mon Jun 07 03:53:21 CDT 2021 (1623056001)
2021-10-01 15:47:13,850 [INFO] DbMcusDocs:81 - Found 669 MCUs documents
2021-10-01 15:47:38,173 [INFO] MainUpdater:2644 - connection check result : 10
2021-10-01 15:47:38,173 [INFO] MainUpdater:2644 - connection check result : 10
2021-10-01 15:47:38,247 [INFO] MicroXplorer:385 - Change Database Path : 
2021-10-01 15:47:38,248 [INFO] MicroXplorer:415 - Change Database Version : DB.6.0.10
2021-10-01 15:47:38,248 [WARN] ThirdParty:783 - waiting for thirdparty lock release [close project]
2021-10-01 15:47:38,248 [INFO] ThirdParty:785 - entering critical section [close project]
2021-10-01 15:47:38,248 [INFO] ThirdParty:796 - exiting critical section [close project]
2021-10-01 15:47:38,250 [INFO] PinOutPanel:1434 - setPackage(No Configuration,No Configuration)
2021-10-01 15:47:38,250 [INFO] UtilMem:74 - Begin LoadConfig() Used Memory: 409186560 Bytes (516947968)
2021-10-01 15:47:38,252 [INFO] MicroXplorer:385 - Change Database Path : 
2021-10-01 15:47:38,252 [INFO] MicroXplorer:415 - Change Database Version : DB.6.0.10
2021-10-01 15:47:38,252 [INFO] OpenFileManager:274 - Change cursor
2021-10-01 15:47:38,260 [WARN] ThirdParty:204 - Use empty third party IP manager
2021-10-01 15:47:38,274 [WARN] IntegrityCheckThread:59 - waiting for thirdparty lock release [integrity check]
2021-10-01 15:47:38,274 [INFO] IntegrityCheckThread:61 - entering critical section [integrity check]
2021-10-01 15:47:38,341 [WARN] ConditionMgr:437 - getConditionDescription Invalid condition id : SIGFOX STM32 LIB Condition cause : null
2021-10-01 15:47:38,343 [WARN] ConditionMgr:437 - getConditionDescription Invalid condition id : Sigfox Third Party LIB Condition cause : null
2021-10-01 15:47:38,347 [WARN] ConditionMgr:1040 - genDependencies : Invalid condition id : SIGFOX STM32 LIB Condition cause : null
2021-10-01 15:47:38,347 [WARN] ConditionMgr:1040 - genDependencies : Invalid condition id : Sigfox Third Party LIB Condition cause : null
2021-10-01 15:47:38,348 [WARN] ConditionMgr:1040 - genDependencies : Invalid condition id : Sigfox Third Party LIB Condition cause : null
2021-10-01 15:47:38,348 [WARN] ConditionMgr:1040 - genDependencies : Invalid condition id : SIGFOX STM32 LIB Condition cause : null
2021-10-01 15:47:38,348 [WARN] ConditionMgr:1040 - genDependencies : Invalid condition id : SIGFOX STM32 LIB Condition cause : null
2021-10-01 15:47:38,348 [WARN] ConditionMgr:1040 - genDependencies : Invalid condition id : Sigfox Third Party LIB Condition cause : null
2021-10-01 15:47:39,154 [INFO] ThirdParty:887 - Integrity check success = true
2021-10-01 15:47:39,154 [INFO] IntegrityCheckThread:75 - exiting critical section [integrity check]
2021-10-01 15:47:39,154 [INFO] IntegrityCheckThread:78 - End integrity checks thread
2021-10-01 15:47:40,346 [INFO] ImportTextPane:162 - (OptionalMessage_ERROR) Unable to find key (Mcu.ThirdPartyNb) in loaded IOC file
2021-10-01 15:47:40,346 [INFO] ImportTextPane:162 - (OptionalMessage_ERROR) Unable to find key (Mcu.PinsNb) in loaded IOC file
2021-10-01 15:47:40,346 [INFO] ImportTextPane:162 - (OptionalMessage_ERROR) Unable to find key (Mcu.IPNb) in loaded IOC file
2021-10-01 15:47:40,424 [WARN] ApiManager:294 - Cannot register API 'Board Extension:S2868A1' from pack STMicroelectronics.X-CUBE-SFXS2LP1.3.1.0: no header file found
2021-10-01 15:47:40,424 [WARN] ApiManager:294 - Cannot register API 'Board Extension:S2868A2' from pack STMicroelectronics.X-CUBE-SFXS2LP1.3.1.0: no header file found
2021-10-01 15:47:40,424 [WARN] ApiManager:294 - Cannot register API 'Board Extension:S2915A1' from pack STMicroelectronics.X-CUBE-SFXS2LP1.3.1.0: no header file found
2021-10-01 15:47:40,439 [WARN] ApiManager:294 - Cannot register API 'Board Extension:S2868A1' from pack STMicroelectronics.X-CUBE-SUBG2.3.0.1: no header file found
2021-10-01 15:47:40,439 [WARN] ApiManager:294 - Cannot register API 'Board Extension:S2868A2' from pack STMicroelectronics.X-CUBE-SUBG2.3.0.1: no header file found
2021-10-01 15:47:40,439 [WARN] ApiManager:294 - Cannot register API 'Board Extension:S2915A1' from pack STMicroelectronics.X-CUBE-SUBG2.3.0.1: no header file found
2021-10-01 15:47:40,449 [WARN] ModelIntegratedComponent:51 - No mode defined for component null
2021-10-01 15:47:40,449 [WARN] ModelIntegratedComponent:51 - No mode defined for component null
2021-10-01 15:47:40,449 [WARN] ModelIntegratedComponent:51 - No mode defined for component null
2021-10-01 15:47:40,449 [WARN] ModelIntegratedComponent:51 - No mode defined for component null
2021-10-01 15:47:40,449 [WARN] ModelIntegratedComponent:51 - No mode defined for component null
2021-10-01 15:47:40,450 [WARN] ModelIntegratedComponent:51 - No mode defined for component null
2021-10-01 15:47:40,450 [WARN] ModelIntegratedComponent:51 - No mode defined for component null
2021-10-01 15:47:40,450 [WARN] ModelIntegratedComponent:51 - No mode defined for component null
2021-10-01 15:47:40,450 [WARN] ModelIntegratedComponent:51 - No mode defined for component null
2021-10-01 15:47:40,450 [WARN] ModelIntegratedComponent:51 - No mode defined for component null
2021-10-01 15:47:40,450 [WARN] ModelIntegratedComponent:51 - No mode defined for component null
2021-10-01 15:47:40,450 [WARN] ModelIntegratedComponent:51 - No mode defined for component null
2021-10-01 15:47:40,450 [WARN] ModelIntegratedComponent:51 - No mode defined for component null
2021-10-01 15:47:40,451 [WARN] ModelIntegratedComponent:51 - No mode defined for component null
2021-10-01 15:47:40,451 [WARN] ModelIntegratedComponent:51 - No mode defined for component null
2021-10-01 15:47:40,451 [WARN] ModelIntegratedComponent:51 - No mode defined for component null
2021-10-01 15:47:40,451 [WARN] ModelIntegratedComponent:51 - No mode defined for component null
2021-10-01 15:47:40,451 [WARN] ModelIntegratedComponent:51 - No mode defined for component null
2021-10-01 15:47:40,451 [WARN] ModelIntegratedComponent:51 - No mode defined for component null
2021-10-01 15:47:40,451 [WARN] ModelIntegratedComponent:51 - No mode defined for component null
2021-10-01 15:47:40,451 [WARN] ModelIntegratedComponent:51 - No mode defined for component null
2021-10-01 15:47:40,451 [WARN] ModelIntegratedComponent:51 - No mode defined for component null
2021-10-01 15:47:40,452 [WARN] ModelIntegratedComponent:51 - No mode defined for component null
2021-10-01 15:47:40,452 [WARN] ModelIntegratedComponent:51 - No mode defined for component null
2021-10-01 15:47:40,452 [WARN] ModelIntegratedComponent:51 - No mode defined for component null
2021-10-01 15:47:40,452 [WARN] ModelIntegratedComponent:51 - No mode defined for component null
2021-10-01 15:47:40,452 [WARN] ModelIntegratedComponent:51 - No mode defined for component null
2021-10-01 15:47:40,452 [WARN] ModelIntegratedComponent:51 - No mode defined for component null
2021-10-01 15:47:40,452 [WARN] ModelIntegratedComponent:51 - No mode defined for component null
2021-10-01 15:47:40,452 [WARN] ModelIntegratedComponent:51 - No mode defined for component null
2021-10-01 15:47:40,453 [WARN] ModelIntegratedComponent:51 - No mode defined for component null
2021-10-01 15:47:40,453 [WARN] ModelIntegratedComponent:51 - No mode defined for component null
2021-10-01 15:47:40,453 [WARN] ModelIntegratedComponent:51 - No mode defined for component null
2021-10-01 15:47:40,453 [WARN] ModelIntegratedComponent:51 - No mode defined for component null
2021-10-01 15:47:40,453 [WARN] ModelIntegratedComponent:51 - No mode defined for component null
2021-10-01 15:47:40,453 [WARN] ModelIntegratedComponent:51 - No mode defined for component null
2021-10-01 15:47:40,453 [WARN] ModelIntegratedComponent:51 - No mode defined for component null
2021-10-01 15:47:40,453 [WARN] ModelIntegratedComponent:51 - No mode defined for component null
2021-10-01 15:47:40,455 [WARN] ApiManager:294 - Cannot register API 'Board Extension:S2868A1' from pack STMicroelectronics.X-CUBE-SFXS2LP1.2.0.0: no header file found
2021-10-01 15:47:40,455 [WARN] ApiManager:294 - Cannot register API 'Board Extension:S2868A2' from pack STMicroelectronics.X-CUBE-SFXS2LP1.2.0.0: no header file found
2021-10-01 15:47:40,456 [WARN] ApiManager:294 - Cannot register API 'Board Extension:S2915A1' from pack STMicroelectronics.X-CUBE-SFXS2LP1.2.0.0: no header file found
2021-10-01 15:47:40,516 [WARN] ApiManager:294 - Cannot register API 'Board Extension:IKS01A3' from pack STMicroelectronics.X-CUBE-MEMS1.9.0.0: no header file found
2021-10-01 15:47:40,516 [WARN] ApiManager:294 - Cannot register API 'Board Extension:IKS01A2' from pack STMicroelectronics.X-CUBE-MEMS1.9.0.0: no header file found
2021-10-01 15:47:40,516 [WARN] ApiManager:294 - Cannot register API 'Board Extension:IKS02A1' from pack STMicroelectronics.X-CUBE-MEMS1.9.0.0: no header file found
2021-10-01 15:47:40,527 [WARN] ApiManager:294 - Cannot register API 'Board Extension:S2868A1' from pack STMicroelectronics.X-CUBE-SUBG2.4.2.0: no header file found
2021-10-01 15:47:40,527 [WARN] ApiManager:294 - Cannot register API 'Board Extension:S2868A2' from pack STMicroelectronics.X-CUBE-SUBG2.4.2.0: no header file found
2021-10-01 15:47:40,527 [WARN] ApiManager:294 - Cannot register API 'Board Extension:S2915A1' from pack STMicroelectronics.X-CUBE-SUBG2.4.2.0: no header file found
2021-10-01 15:47:40,577 [WARN] ApiManager:294 - Cannot register API 'Board Extension:IKS01A3' from pack STMicroelectronics.X-CUBE-MEMS1.8.2.0: no header file found
2021-10-01 15:47:40,577 [WARN] ApiManager:294 - Cannot register API 'Board Extension:IKS01A2' from pack STMicroelectronics.X-CUBE-MEMS1.8.2.0: no header file found
2021-10-01 15:47:40,577 [WARN] ApiManager:294 - Cannot register API 'Board Extension:IKS02A1' from pack STMicroelectronics.X-CUBE-MEMS1.8.2.0: no header file found
2021-10-01 15:47:40,583 [WARN] ApiManager:294 - Cannot register API 'Board Extension:EEPRMA1' from pack STMicroelectronics.X-CUBE-EEPRMA1.3.0.0: no header file found
2021-10-01 15:47:40,583 [WARN] ApiManager:294 - Cannot register API 'Board Extension:EEPRMA2' from pack STMicroelectronics.X-CUBE-EEPRMA1.3.0.0: no header file found
2021-10-01 15:47:40,586 [INFO] RtosManager:464 - Registered RTOS mode: class=CMSIS, group=RTOS, mode=CMSIS_V1, owner=FREERTOS
2021-10-01 15:47:40,586 [INFO] RtosManager:464 - Registered RTOS mode: class=CMSIS, group=RTOS2, mode=CMSIS_V2, owner=FREERTOS
2021-10-01 15:47:40,586 [INFO] RtosManager:464 - Registered RTOS mode: class=RTOS, group=Core, mode=CMSIS_V1, owner=FREERTOS
2021-10-01 15:47:40,586 [INFO] RtosManager:464 - Registered RTOS mode: class=RTOS, group=Core, mode=CMSIS_V2, owner=FREERTOS
2021-10-01 15:47:40,587 [WARN] ModelIntegratedComponent:182 - Missing modes for component STMicroelectronics:FreeRTOS:0.0.1:STMicroelectronics:RTOS:FreeRTOS:Core:::10.2.0:
2021-10-01 15:47:40,589 [WARN] ApiManager:294 - Cannot register API 'Board Extension:EEPRMA1' from pack STMicroelectronics.X-CUBE-EEPRMA1.3.1.0: no header file found
2021-10-01 15:47:40,589 [WARN] ApiManager:294 - Cannot register API 'Board Extension:EEPRMA2' from pack STMicroelectronics.X-CUBE-EEPRMA1.3.1.0: no header file found
2021-10-01 15:47:40,590 [WARN] ApiManager:294 - Cannot register API 'Board Extension:GNSS1A1' from pack STMicroelectronics.X-CUBE-GNSS1.5.1.0: no header file found
2021-10-01 15:47:40,590 [WARN] ApiManager:294 - Cannot register API 'Board Support:Custom' from pack STMicroelectronics.X-CUBE-GNSS1.5.1.0: no header file found
2021-10-01 15:47:40,590 [WARN] ApiManager:294 - Cannot register API 'Data Exchange:lib_gnss' from pack STMicroelectronics.X-CUBE-GNSS1.5.1.0: no header file found
2021-10-01 15:47:40,591 [WARN] ApiManager:294 - Cannot register API 'Board Extension:GNSS1A1' from pack STMicroelectronics.X-CUBE-GNSS1.5.2.0: no header file found
2021-10-01 15:47:40,591 [WARN] ApiManager:294 - Cannot register API 'Board Support:Custom' from pack STMicroelectronics.X-CUBE-GNSS1.5.2.0: no header file found
2021-10-01 15:47:40,591 [WARN] ApiManager:294 - Cannot register API 'Data Exchange:lib_gnss' from pack STMicroelectronics.X-CUBE-GNSS1.5.2.0: no header file found
2021-10-01 15:47:40,592 [WARN] ApiManager:294 - Cannot register API 'Wireless:BlueNRG-MS' from pack STMicroelectronics.X-CUBE-BLE1.6.1.0: no header file found
2021-10-01 15:47:40,592 [WARN] ApiManager:294 - Cannot register API 'Wireless:BlueNRG-MS' from pack STMicroelectronics.X-CUBE-BLE1.6.2.1: no header file found
2021-10-01 15:47:40,592 [WARN] ApiManager:294 - Cannot register API 'Wireless:BlueNRG-2' from pack STMicroelectronics.X-CUBE-BLE2.3.2.1: no header file found
2021-10-01 15:47:40,593 [WARN] ApiManager:294 - Cannot register API 'Board Extension:NFC04A1' from pack STMicroelectronics.X-CUBE-NFC4.2.0.3: no header file found
2021-10-01 15:47:40,594 [WARN] ApiManager:294 - Cannot register API 'Board Extension:NFC04A1' from pack STMicroelectronics.X-CUBE-NFC4.2.0.1: no header file found
2021-10-01 15:47:40,595 [WARN] ApiManager:294 - Cannot register API 'Wireless:BlueNRG-2' from pack STMicroelectronics.X-CUBE-BLE2.3.1.0: no header file found
2021-10-01 15:47:41,394 [INFO] UtilMem:74 - End LoadConfig() Used Memory: 366480024 Bytes (629145600)
2021-10-01 15:47:41,396 [WARN] ThirdParty:749 - waiting for thirdparty lock release [change project]
2021-10-01 15:47:41,397 [INFO] ThirdParty:751 - entering critical section [change project]
2021-10-01 15:47:41,397 [INFO] ThirdParty:939 - CMSIS Pack Vendor :STMicroelectronics X-CUBE-SFXS2LP1 3.1.0
2021-10-01 15:47:41,397 [INFO] ThirdParty:939 - CMSIS Pack Vendor :RoweBots I-CUBE-UNISONRTOS 5.5.0-4
2021-10-01 15:47:41,397 [INFO] ThirdParty:939 - CMSIS Pack Vendor :STMicroelectronics X-CUBE-AZRTOS-F4 1.0.0
2021-10-01 15:47:41,397 [INFO] ThirdParty:939 - CMSIS Pack Vendor :STMicroelectronics USB_HOST 2.0.0
2021-10-01 15:47:41,397 [INFO] ThirdParty:939 - CMSIS Pack Vendor :STMicroelectronics X-CUBE-AZRTOS-H7 2.0.0
2021-10-01 15:47:41,397 [INFO] ThirdParty:939 - CMSIS Pack Vendor :STMicroelectronics X-CUBE-SUBG2 3.0.1
2021-10-01 15:47:41,397 [INFO] ThirdParty:939 - CMSIS Pack Vendor :STMicroelectronics X-CUBE-AZRTOS-L4 1.0.0
2021-10-01 15:47:41,397 [INFO] ThirdParty:939 - CMSIS Pack Vendor :STMicroelectronics USB_DEVICE 3.0.0
2021-10-01 15:47:41,397 [INFO] ThirdParty:939 - CMSIS Pack Vendor :STMicroelectronics X-CUBE-TOF1 2.0.0
2021-10-01 15:47:41,398 [INFO] ThirdParty:939 - CMSIS Pack Vendor :STMicroelectronics HAL Drivers 0.0.0
2021-10-01 15:47:41,398 [INFO] ThirdParty:939 - CMSIS Pack Vendor :STMicroelectronics MBEDTLS 2.16.2
2021-10-01 15:47:41,398 [INFO] ThirdParty:939 - CMSIS Pack Vendor :STMicroelectronics X-CUBE-SFXS2LP1 2.0.0
2021-10-01 15:47:41,398 [INFO] ThirdParty:939 - CMSIS Pack Vendor :STMicroelectronics MBEDTLS 2.14.1
2021-10-01 15:47:41,398 [INFO] ThirdParty:939 - CMSIS Pack Vendor :STMicroelectronics X-CUBE-MEMS1 9.0.0
2021-10-01 15:47:41,398 [INFO] ThirdParty:939 - CMSIS Pack Vendor :STMicroelectronics X-CUBE-SUBG2 4.2.0
2021-10-01 15:47:41,398 [INFO] ThirdParty:939 - CMSIS Pack Vendor :STMicroelectronics X-CUBE-ALS 1.0.1
2021-10-01 15:47:41,398 [INFO] ThirdParty:939 - CMSIS Pack Vendor :STMicroelectronics USB_DEVICE 2.0.0
2021-10-01 15:47:41,398 [INFO] ThirdParty:939 - CMSIS Pack Vendor :STMicroelectronics X-CUBE-AI 7.0.0
2021-10-01 15:47:41,398 [INFO] ThirdParty:939 - CMSIS Pack Vendor :STMicroelectronics X-CUBE-MEMS1 8.2.0
2021-10-01 15:47:41,398 [INFO] ThirdParty:939 - CMSIS Pack Vendor :STMicroelectronics X-CUBE-ALGOBUILD 1.2.1
2021-10-01 15:47:41,399 [INFO] ThirdParty:939 - CMSIS Pack Vendor :STMicroelectronics X-CUBE-EEPRMA1 3.0.0
2021-10-01 15:47:41,399 [INFO] ThirdParty:939 - CMSIS Pack Vendor :STMicroelectronics X-CUBE-DISPLAY 1.0.0
2021-10-01 15:47:41,399 [INFO] ThirdParty:939 - CMSIS Pack Vendor :STMicroelectronics FreeRTOS 0.0.1
2021-10-01 15:47:41,399 [INFO] ThirdParty:939 - CMSIS Pack Vendor :STMicroelectronics USB_DEVICE 1.0.0
2021-10-01 15:47:41,399 [INFO] ThirdParty:939 - CMSIS Pack Vendor :STMicroelectronics X-CUBE-ALGOBUILD 1.1.0
2021-10-01 15:47:41,399 [INFO] ThirdParty:939 - CMSIS Pack Vendor :SEGGER I-CUBE-embOS 1.2.0
2021-10-01 15:47:41,399 [INFO] ThirdParty:939 - CMSIS Pack Vendor :STMicroelectronics X-CUBE-EEPRMA1 3.1.0
2021-10-01 15:47:41,399 [INFO] ThirdParty:939 - CMSIS Pack Vendor :STMicroelectronics X-CUBE-GNSS1 5.1.0
2021-10-01 15:47:41,399 [INFO] ThirdParty:939 - CMSIS Pack Vendor :STMicroelectronics X-CUBE-GNSS1 5.2.0
2021-10-01 15:47:41,399 [INFO] ThirdParty:939 - CMSIS Pack Vendor :STMicroelectronics X-CUBE-BLE1 6.1.0
2021-10-01 15:47:41,399 [INFO] ThirdParty:939 - CMSIS Pack Vendor :STMicroelectronics lwIP 2.0.3
2021-10-01 15:47:41,399 [INFO] ThirdParty:939 - CMSIS Pack Vendor :STMicroelectronics lwIP 2.1.2
2021-10-01 15:47:41,400 [INFO] ThirdParty:939 - CMSIS Pack Vendor :STMicroelectronics X-CUBE-BLE1 6.2.1
2021-10-01 15:47:41,400 [INFO] ThirdParty:939 - CMSIS Pack Vendor :STMicroelectronics X-CUBE-BLE2 3.2.1
2021-10-01 15:47:41,400 [INFO] ThirdParty:939 - CMSIS Pack Vendor :STMicroelectronics USB_HOST 1.0.0
2021-10-01 15:47:41,400 [INFO] ThirdParty:939 - CMSIS Pack Vendor :STMicroelectronics X-CUBE-NFC4 2.0.3
2021-10-01 15:47:41,400 [INFO] ThirdParty:939 - CMSIS Pack Vendor :wolfSSL I-CUBE-wolfSSL 4.8.0
2021-10-01 15:47:41,400 [INFO] ThirdParty:939 - CMSIS Pack Vendor :STMicroelectronics X-CUBE-TOUCHGFX 4.17.0
2021-10-01 15:47:41,400 [INFO] ThirdParty:939 - CMSIS Pack Vendor :STMicroelectronics X-CUBE-NFC4 2.0.1
2021-10-01 15:47:41,400 [INFO] ThirdParty:939 - CMSIS Pack Vendor :STMicroelectronics X-CUBE-AI 5.2.0
2021-10-01 15:47:41,400 [INFO] ThirdParty:939 - CMSIS Pack Vendor :STMicroelectronics PDM2PCM 3.1.0
2021-10-01 15:47:41,400 [INFO] ThirdParty:939 - CMSIS Pack Vendor :STMicroelectronics X-CUBE-TOUCHGFX 4.16.0
2021-10-01 15:47:41,400 [INFO] ThirdParty:939 - CMSIS Pack Vendor :STMicroelectronics PDM2PCM 3.2.0
2021-10-01 15:47:41,400 [INFO] ThirdParty:939 - CMSIS Pack Vendor :STMicroelectronics X-CUBE-BLE2 3.1.0
2021-10-01 15:47:41,401 [INFO] ThirdParty:939 - CMSIS Pack Vendor :STMicroelectronics PDM2PCM 3.3.0
2021-10-01 15:47:41,401 [INFO] ThirdParty:757 - exiting critical section [change project]
2021-10-01 15:47:41,554 [INFO] PinOutPanel:1434 - setPackage(No Configuration,No Configuration)
2021-10-01 15:47:41,556 [INFO] PinOutPanel:1434 - setPackage(STM32L051C6Tx,LQFP48)
2021-10-01 15:47:41,925 [INFO] UtilMem:74 - Before build in PCC Used Memory: 381938288 Bytes (629145600)
2021-10-01 15:47:42,302 [INFO] SharedServices:72 - Folder for power plug-in: C:/Users/frisc_000/.stm32cubemx/plugins/power
2021-10-01 15:47:42,339 [INFO] SharedServices:72 - Folder for power plug-in: C:/Users/frisc_000/.stm32cubemx/plugins/power
2021-10-01 15:47:42,380 [INFO] SharedServices:72 - Folder for power plug-in: C:/Users/frisc_000/.stm32cubemx/plugins/power
2021-10-01 15:47:42,386 [INFO] SharedServices:72 - Folder for power plug-in: C:/Users/frisc_000/.stm32cubemx/plugins/power
2021-10-01 15:47:42,518 [INFO] UtilMem:74 - After build in PCC Used Memory: 445470336 Bytes (629145600)
2021-10-01 15:47:42,534 [INFO] IPUIPlugin:64 - create IPUIPlugin
2021-10-01 15:47:42,534 [INFO] IPUIPlugin:64 - create IPUIPlugin
2021-10-01 15:47:42,535 [INFO] IPUIPlugin:64 - create IPUIPlugin
2021-10-01 15:47:42,535 [INFO] IPUIPlugin:64 - create IPUIPlugin
2021-10-01 15:47:42,535 [INFO] IPUIPlugin:64 - create IPUIPlugin
2021-10-01 15:47:42,535 [INFO] IPUIPlugin:64 - create IPUIPlugin
2021-10-01 15:47:42,535 [INFO] IPUIPlugin:64 - create IPUIPlugin
2021-10-01 15:47:42,535 [INFO] IPUIPlugin:64 - create IPUIPlugin
2021-10-01 15:47:42,535 [INFO] IPUIPlugin:64 - create IPUIPlugin
2021-10-01 15:47:42,536 [INFO] IPUIPlugin:64 - create IPUIPlugin
2021-10-01 15:47:42,536 [INFO] IPUIPlugin:64 - create IPUIPlugin
2021-10-01 15:47:42,536 [INFO] IPUIPlugin:64 - create IPUIPlugin
2021-10-01 15:47:42,536 [INFO] IPUIPlugin:64 - create IPUIPlugin
2021-10-01 15:47:42,536 [INFO] IPUIPlugin:64 - create IPUIPlugin
2021-10-01 15:47:42,537 [INFO] IPUIPlugin:64 - create IPUIPlugin
2021-10-01 15:47:42,537 [INFO] IPUIPlugin:64 - create IPUIPlugin
2021-10-01 15:47:42,537 [INFO] IPUIPlugin:64 - create IPUIPlugin
2021-10-01 15:47:42,537 [INFO] IPUIPlugin:64 - create IPUIPlugin
2021-10-01 15:47:42,538 [INFO] IPUIPlugin:64 - create IPUIPlugin
2021-10-01 15:47:42,538 [INFO] IPUIPlugin:64 - create IPUIPlugin
2021-10-01 15:47:42,538 [INFO] IPUIPlugin:64 - create IPUIPlugin
2021-10-01 15:47:42,538 [INFO] IPUIPlugin:64 - create IPUIPlugin
2021-10-01 15:47:42,539 [INFO] IPUIPlugin:64 - create IPUIPlugin
2021-10-01 15:47:42,539 [INFO] IPUIPlugin:64 - create IPUIPlugin
2021-10-01 15:47:42,539 [INFO] IPUIPlugin:64 - create IPUIPlugin
2021-10-01 15:47:42,539 [INFO] IPUIPlugin:64 - create IPUIPlugin
2021-10-01 15:47:42,540 [INFO] IPUIPlugin:64 - create IPUIPlugin
2021-10-01 15:47:42,561 [INFO] LogOutputStream:76 - [STDOUT_REDIRECT] toolchainItems.length=====1
2021-10-01 15:47:42,647 [INFO] OpenFileManager:294 - Restore cursor
2021-10-01 15:47:42,885 [INFO] UtilMem:74 - End SaveConfig() Used Memory: 498941552 Bytes (629145600)
2021-10-01 15:47:43,583 [INFO] ServerAccessManage:348 - Download File stm32cube_fw_l0_v1120.zip
2021-10-01 15:47:50,782 [INFO] FileExtend:225 - Unzip File : stm32cube_fw_l0_v1120.zip
2021-10-01 15:47:50,782 [INFO] FileExtend:240 - Standard Zip Deflate
2021-10-01 15:48:10,960 [INFO] ServerAccessManage:348 - Download File stm32cube_fw_l0_v1121.zip
2021-10-01 15:48:15,174 [INFO] FileExtend:225 - Unzip File : stm32cube_fw_l0_v1121.zip
2021-10-01 15:48:15,175 [INFO] FileExtend:240 - Standard Zip Deflate
2021-10-01 15:48:26,983 [INFO] LoadServerPackagesThread:169 - End of LoadServerPackages Thread
2021-10-01 15:48:27,073 [INFO] UtilMem:74 - End SaveConfig() Used Memory: 406886576 Bytes (1073741824)
2021-10-01 15:48:27,376 [INFO] CheckServerUpdateThread:102 - End of CheckServer Thread
2021-10-01 15:48:27,527 [INFO] BlockDiagram:2735 - set Specific Code input for plugin: NVIC
2021-10-01 15:48:27,528 [INFO] BlockDiagram:2735 - set Specific Code input for plugin: SYS
2021-10-01 15:48:27,528 [INFO] BlockDiagram:2735 - set Specific Code input for plugin: RCC
2021-10-01 15:48:27,529 [INFO] CodeGenerator:639 - code generatio: config db path: C:\Program Files\STMicroelectronics\STM32Cube\STM32CubeIDE_1.5.1\STM32CubeIDE\plugins\com.st.stm32cube.common.mx_6.1.1.202012091304\\db\
2021-10-01 15:48:27,845 [INFO] CodeEngine:229 - oldGeneratedFile, C:\Users\frisc_000\Documents\GitHub\Avionics-Power-PCB\Power_STM32CubeIDE\Avionics-Power-STM32_Project\MXTmpFiles\license.tmp_save
2021-10-01 15:48:28,178 [INFO] CodeEngine:247 - Generated code: C:\Users\frisc_000\Documents\GitHub\Avionics-Power-PCB\Power_STM32CubeIDE\Avionics-Power-STM32_Project\MXTmpFiles\license.tmp
2021-10-01 15:48:28,276 [INFO] CodeEngine:229 - oldGeneratedFile, C:\Users\frisc_000\Documents\GitHub\Avionics-Power-PCB\Power_STM32CubeIDE\Avionics-Power-STM32_Project\Core\Src\stm32l0xx_it.c_save
2021-10-01 15:48:28,421 [INFO] CodeEngine:247 - Generated code: C:\Users\frisc_000\Documents\GitHub\Avionics-Power-PCB\Power_STM32CubeIDE\Avionics-Power-STM32_Project\Core\Src\stm32l0xx_it.c
2021-10-01 15:48:28,424 [INFO] CodeEngine:229 - oldGeneratedFile, C:\Users\frisc_000\Documents\GitHub\Avionics-Power-PCB\Power_STM32CubeIDE\Avionics-Power-STM32_Project\Core\Inc\stm32l0xx_it.h_save
2021-10-01 15:48:28,511 [INFO] CodeEngine:247 - Generated code: C:\Users\frisc_000\Documents\GitHub\Avionics-Power-PCB\Power_STM32CubeIDE\Avionics-Power-STM32_Project\Core\Inc\stm32l0xx_it.h
2021-10-01 15:48:28,524 [INFO] CodeEngine:229 - oldGeneratedFile, C:\Users\frisc_000\Documents\GitHub\Avionics-Power-PCB\Power_STM32CubeIDE\Avionics-Power-STM32_Project\Core\Src\stm32l0xx_hal_msp.c_save
2021-10-01 15:48:28,673 [INFO] CodeEngine:247 - Generated code: C:\Users\frisc_000\Documents\GitHub\Avionics-Power-PCB\Power_STM32CubeIDE\Avionics-Power-STM32_Project\Core\Src\stm32l0xx_hal_msp.c
2021-10-01 15:48:28,676 [INFO] CodeEngine:229 - oldGeneratedFile, C:\Users\frisc_000\Documents\GitHub\Avionics-Power-PCB\Power_STM32CubeIDE\Avionics-Power-STM32_Project\MXTmpFiles\system.tmp_save
2021-10-01 15:48:28,757 [INFO] CodeEngine:247 - Generated code: C:\Users\frisc_000\Documents\GitHub\Avionics-Power-PCB\Power_STM32CubeIDE\Avionics-Power-STM32_Project\MXTmpFiles\system.tmp
2021-10-01 15:48:28,775 [INFO] CodeEngine:229 - oldGeneratedFile, C:\Users\frisc_000\Documents\GitHub\Avionics-Power-PCB\Power_STM32CubeIDE\Avionics-Power-STM32_Project\Core\Inc\stm32l0xx_hal_conf.h_save
2021-10-01 15:48:28,878 [INFO] CodeEngine:247 - Generated code: C:\Users\frisc_000\Documents\GitHub\Avionics-Power-PCB\Power_STM32CubeIDE\Avionics-Power-STM32_Project\Core\Inc\stm32l0xx_hal_conf.h
2021-10-01 15:48:28,922 [INFO] CodeEngine:229 - oldGeneratedFile, C:\Users\frisc_000\Documents\GitHub\Avionics-Power-PCB\Power_STM32CubeIDE\Avionics-Power-STM32_Project\Core\Inc\main.h_save
2021-10-01 15:48:29,040 [INFO] CodeEngine:247 - Generated code: C:\Users\frisc_000\Documents\GitHub\Avionics-Power-PCB\Power_STM32CubeIDE\Avionics-Power-STM32_Project\Core\Inc\main.h
2021-10-01 15:48:29,044 [INFO] CodeEngine:229 - oldGeneratedFile, C:\Users\frisc_000\Documents\GitHub\Avionics-Power-PCB\Power_STM32CubeIDE\Avionics-Power-STM32_Project\Core\Src\main.c_save
2021-10-01 15:48:29,171 [INFO] CodeEngine:247 - Generated code: C:\Users\frisc_000\Documents\GitHub\Avionics-Power-PCB\Power_STM32CubeIDE\Avionics-Power-STM32_Project\Core\Src\main.c
2021-10-01 15:48:29,983 [INFO] ProjectBuilder:2328 - Time for Copy HAL[1] : 60mS.
2021-10-01 15:48:29,990 [INFO] ProjectBuilder:3259 - Project Generator version: 3.11.2
2021-10-01 15:48:30,241 [INFO] ConfigFileManager:1238 - The Die is : DIE417
2021-10-01 15:48:30,255 [INFO] ApiDbMcu:456 - Load IP Config File for FATFS
2021-10-01 15:48:30,268 [INFO] ApiDbMcu:456 - Load IP Config File for FREERTOS
2021-10-01 15:48:33,189 [INFO] ProjectBuilder:3425 - Time for Generating toolchain IDE Files: 3199mS.
2021-10-01 15:48:33,191 [INFO] ProjectBuilder:2207 - Time for Copy CMSIS : 1mS.
2021-10-01 15:48:33,195 [INFO] ProjectBuilder:2207 - Time for Copy CMSIS : 0mS.
2021-10-01 15:48:33,892 [INFO] ApiDb:263 - Save user favorites file C:\Users\frisc_000/.stm32cubeide/favorites.mcus.txt: 0 item(s)
2021-10-01 15:48:33,892 [INFO] ApiDb:267 - User favorites MCUs=[]
2021-10-01 15:48:42,606 [INFO] MainUpdater:2644 - connection check result : 10
2021-10-01 15:48:42,769 [INFO] CrossSelectorPresenter:1330 - Cross Selector saved comparison directory: C:\Users\frisc_000\.stmcufinder\plugins\mcufinder\mcu\cs_comparisons_mx
2021-10-01 15:48:42,775 [INFO] MultiScanPanel:198 - Auto-refresh data requested => check proxy status ongoing
2021-10-01 15:48:42,776 [INFO] FinderPluginLoader:87 - Searching for filters in installed packs
2021-10-01 15:48:42,917 [INFO] DetailPanel:344 - Set advertising image to C:/Users/frisc_000/STM32Cube/Repository/\stm32cubemx-promo_image.jpg
2021-10-01 15:48:43,103 [INFO] McuFilterPanel:245 - Update 0 favorites MCUs
2021-10-01 15:49:14,164 [INFO] MainUpdater:2644 - connection check result : 10
2021-10-01 15:49:14,164 [INFO] MainUpdater:2644 - connection check result : 10
2021-10-01 15:49:14,247 [INFO] MicroXplorer:385 - Change Database Path : 
2021-10-01 15:49:14,247 [INFO] MicroXplorer:415 - Change Database Version : DB.6.0.10
2021-10-01 15:49:14,247 [WARN] ThirdParty:783 - waiting for thirdparty lock release [close project]
2021-10-01 15:49:14,247 [INFO] ThirdParty:785 - entering critical section [close project]
2021-10-01 15:49:14,248 [INFO] ThirdParty:796 - exiting critical section [close project]
2021-10-01 15:49:14,248 [INFO] PinOutPanel:1434 - setPackage(No Configuration,No Configuration)
2021-10-01 15:49:14,251 [INFO] UtilMem:74 - Begin LoadConfig() Used Memory: 538154896 Bytes (1073741824)
2021-10-01 15:49:14,252 [INFO] MicroXplorer:385 - Change Database Path : 
2021-10-01 15:49:14,252 [INFO] MicroXplorer:415 - Change Database Version : DB.6.0.10
2021-10-01 15:49:14,252 [INFO] OpenFileManager:274 - Change cursor
2021-10-01 15:49:14,253 [WARN] ThirdParty:204 - Use empty third party IP manager
2021-10-01 15:49:14,259 [INFO] RulesReader:52 - Compatibility file has been processed (228 Rules)
2021-10-01 15:49:14,762 [INFO] ImportTextPane:162 - (OptionalMessage_ERROR) Unable to find key (Mcu.ThirdPartyNb) in loaded IOC file
2021-10-01 15:49:14,762 [INFO] ImportTextPane:162 - (OptionalMessage_ERROR) Unable to find key (Mcu.PinsNb) in loaded IOC file
2021-10-01 15:49:14,762 [INFO] ImportTextPane:162 - (OptionalMessage_ERROR) Unable to find key (Mcu.IPNb) in loaded IOC file
2021-10-01 15:49:14,769 [WARN] ApiManager:294 - Cannot register API 'Board Extension:S2868A1' from pack STMicroelectronics.X-CUBE-SFXS2LP1.3.1.0: no header file found
2021-10-01 15:49:14,770 [WARN] ApiManager:294 - Cannot register API 'Board Extension:S2868A2' from pack STMicroelectronics.X-CUBE-SFXS2LP1.3.1.0: no header file found
2021-10-01 15:49:14,770 [WARN] ApiManager:294 - Cannot register API 'Board Extension:S2915A1' from pack STMicroelectronics.X-CUBE-SFXS2LP1.3.1.0: no header file found
2021-10-01 15:49:14,774 [WARN] ApiManager:294 - Cannot register API 'Board Extension:S2868A1' from pack STMicroelectronics.X-CUBE-SUBG2.3.0.1: no header file found
2021-10-01 15:49:14,774 [WARN] ApiManager:294 - Cannot register API 'Board Extension:S2868A2' from pack STMicroelectronics.X-CUBE-SUBG2.3.0.1: no header file found
2021-10-01 15:49:14,774 [WARN] ApiManager:294 - Cannot register API 'Board Extension:S2915A1' from pack STMicroelectronics.X-CUBE-SUBG2.3.0.1: no header file found
2021-10-01 15:49:14,776 [WARN] ModelIntegratedComponent:51 - No mode defined for component null
2021-10-01 15:49:14,776 [WARN] ModelIntegratedComponent:51 - No mode defined for component null
2021-10-01 15:49:14,776 [WARN] ModelIntegratedComponent:51 - No mode defined for component null
2021-10-01 15:49:14,777 [WARN] ModelIntegratedComponent:51 - No mode defined for component null
2021-10-01 15:49:14,777 [WARN] ModelIntegratedComponent:51 - No mode defined for component null
2021-10-01 15:49:14,777 [WARN] ModelIntegratedComponent:51 - No mode defined for component null
2021-10-01 15:49:14,777 [WARN] ModelIntegratedComponent:51 - No mode defined for component null
2021-10-01 15:49:14,777 [WARN] ModelIntegratedComponent:51 - No mode defined for component null
2021-10-01 15:49:14,777 [WARN] ModelIntegratedComponent:51 - No mode defined for component null
2021-10-01 15:49:14,777 [WARN] ModelIntegratedComponent:51 - No mode defined for component null
2021-10-01 15:49:14,777 [WARN] ModelIntegratedComponent:51 - No mode defined for component null
2021-10-01 15:49:14,777 [WARN] ModelIntegratedComponent:51 - No mode defined for component null
2021-10-01 15:49:14,778 [WARN] ModelIntegratedComponent:51 - No mode defined for component null
2021-10-01 15:49:14,778 [WARN] ModelIntegratedComponent:51 - No mode defined for component null
2021-10-01 15:49:14,778 [WARN] ModelIntegratedComponent:51 - No mode defined for component null
2021-10-01 15:49:14,778 [WARN] ModelIntegratedComponent:51 - No mode defined for component null
2021-10-01 15:49:14,778 [WARN] ModelIntegratedComponent:51 - No mode defined for component null
2021-10-01 15:49:14,778 [WARN] ModelIntegratedComponent:51 - No mode defined for component null
2021-10-01 15:49:14,779 [WARN] ModelIntegratedComponent:51 - No mode defined for component null
2021-10-01 15:49:14,779 [WARN] ModelIntegratedComponent:51 - No mode defined for component null
2021-10-01 15:49:14,779 [WARN] ModelIntegratedComponent:51 - No mode defined for component null
2021-10-01 15:49:14,779 [WARN] ModelIntegratedComponent:51 - No mode defined for component null
2021-10-01 15:49:14,779 [WARN] ModelIntegratedComponent:51 - No mode defined for component null
2021-10-01 15:49:14,779 [WARN] ModelIntegratedComponent:51 - No mode defined for component null
2021-10-01 15:49:14,779 [WARN] ModelIntegratedComponent:51 - No mode defined for component null
2021-10-01 15:49:14,780 [WARN] ModelIntegratedComponent:51 - No mode defined for component null
2021-10-01 15:49:14,780 [WARN] ModelIntegratedComponent:51 - No mode defined for component null
2021-10-01 15:49:14,780 [WARN] ModelIntegratedComponent:51 - No mode defined for component null
2021-10-01 15:49:14,780 [WARN] ModelIntegratedComponent:51 - No mode defined for component null
2021-10-01 15:49:14,780 [WARN] ModelIntegratedComponent:51 - No mode defined for component null
2021-10-01 15:49:14,780 [WARN] ModelIntegratedComponent:51 - No mode defined for component null
2021-10-01 15:49:14,780 [WARN] ModelIntegratedComponent:51 - No mode defined for component null
2021-10-01 15:49:14,781 [WARN] ModelIntegratedComponent:51 - No mode defined for component null
2021-10-01 15:49:14,781 [WARN] ModelIntegratedComponent:51 - No mode defined for component null
2021-10-01 15:49:14,781 [WARN] ModelIntegratedComponent:51 - No mode defined for component null
2021-10-01 15:49:14,781 [WARN] ModelIntegratedComponent:51 - No mode defined for component null
2021-10-01 15:49:14,781 [WARN] ModelIntegratedComponent:51 - No mode defined for component null
2021-10-01 15:49:14,781 [WARN] ModelIntegratedComponent:51 - No mode defined for component null
2021-10-01 15:49:14,782 [WARN] ApiManager:294 - Cannot register API 'Board Extension:S2868A1' from pack STMicroelectronics.X-CUBE-SFXS2LP1.2.0.0: no header file found
2021-10-01 15:49:14,782 [WARN] ApiManager:294 - Cannot register API 'Board Extension:S2868A2' from pack STMicroelectronics.X-CUBE-SFXS2LP1.2.0.0: no header file found
2021-10-01 15:49:14,782 [WARN] ApiManager:294 - Cannot register API 'Board Extension:S2915A1' from pack STMicroelectronics.X-CUBE-SFXS2LP1.2.0.0: no header file found
2021-10-01 15:49:14,841 [WARN] ApiManager:294 - Cannot register API 'Board Extension:IKS01A3' from pack STMicroelectronics.X-CUBE-MEMS1.9.0.0: no header file found
2021-10-01 15:49:14,841 [WARN] ApiManager:294 - Cannot register API 'Board Extension:IKS01A2' from pack STMicroelectronics.X-CUBE-MEMS1.9.0.0: no header file found
2021-10-01 15:49:14,841 [WARN] ApiManager:294 - Cannot register API 'Board Extension:IKS02A1' from pack STMicroelectronics.X-CUBE-MEMS1.9.0.0: no header file found
2021-10-01 15:49:14,849 [WARN] ApiManager:294 - Cannot register API 'Board Extension:S2868A1' from pack STMicroelectronics.X-CUBE-SUBG2.4.2.0: no header file found
2021-10-01 15:49:14,849 [WARN] ApiManager:294 - Cannot register API 'Board Extension:S2868A2' from pack STMicroelectronics.X-CUBE-SUBG2.4.2.0: no header file found
2021-10-01 15:49:14,850 [WARN] ApiManager:294 - Cannot register API 'Board Extension:S2915A1' from pack STMicroelectronics.X-CUBE-SUBG2.4.2.0: no header file found
2021-10-01 15:49:14,925 [WARN] ApiManager:294 - Cannot register API 'Board Extension:IKS01A3' from pack STMicroelectronics.X-CUBE-MEMS1.8.2.0: no header file found
2021-10-01 15:49:14,925 [WARN] ApiManager:294 - Cannot register API 'Board Extension:IKS01A2' from pack STMicroelectronics.X-CUBE-MEMS1.8.2.0: no header file found
2021-10-01 15:49:14,925 [WARN] ApiManager:294 - Cannot register API 'Board Extension:IKS02A1' from pack STMicroelectronics.X-CUBE-MEMS1.8.2.0: no header file found
2021-10-01 15:49:14,931 [WARN] ApiManager:294 - Cannot register API 'Board Extension:EEPRMA1' from pack STMicroelectronics.X-CUBE-EEPRMA1.3.0.0: no header file found
2021-10-01 15:49:14,932 [WARN] ApiManager:294 - Cannot register API 'Board Extension:EEPRMA2' from pack STMicroelectronics.X-CUBE-EEPRMA1.3.0.0: no header file found
2021-10-01 15:49:14,932 [INFO] RtosManager:464 - Registered RTOS mode: class=CMSIS, group=RTOS, mode=CMSIS_V1, owner=FREERTOS
2021-10-01 15:49:14,932 [INFO] RtosManager:464 - Registered RTOS mode: class=CMSIS, group=RTOS2, mode=CMSIS_V2, owner=FREERTOS
2021-10-01 15:49:14,932 [INFO] RtosManager:464 - Registered RTOS mode: class=RTOS, group=Core, mode=CMSIS_V1, owner=FREERTOS
2021-10-01 15:49:14,932 [INFO] RtosManager:464 - Registered RTOS mode: class=RTOS, group=Core, mode=CMSIS_V2, owner=FREERTOS
2021-10-01 15:49:14,933 [WARN] ModelIntegratedComponent:182 - Missing modes for component STMicroelectronics:FreeRTOS:0.0.1:STMicroelectronics:RTOS:FreeRTOS:Core:::10.2.0:
2021-10-01 15:49:14,934 [WARN] ApiManager:294 - Cannot register API 'Board Extension:EEPRMA1' from pack STMicroelectronics.X-CUBE-EEPRMA1.3.1.0: no header file found
2021-10-01 15:49:14,935 [WARN] ApiManager:294 - Cannot register API 'Board Extension:EEPRMA2' from pack STMicroelectronics.X-CUBE-EEPRMA1.3.1.0: no header file found
2021-10-01 15:49:14,935 [WARN] ApiManager:294 - Cannot register API 'Board Extension:GNSS1A1' from pack STMicroelectronics.X-CUBE-GNSS1.5.1.0: no header file found
2021-10-01 15:49:14,935 [WARN] ApiManager:294 - Cannot register API 'Board Support:Custom' from pack STMicroelectronics.X-CUBE-GNSS1.5.1.0: no header file found
2021-10-01 15:49:14,935 [WARN] ApiManager:294 - Cannot register API 'Data Exchange:lib_gnss' from pack STMicroelectronics.X-CUBE-GNSS1.5.1.0: no header file found
2021-10-01 15:49:14,936 [WARN] ApiManager:294 - Cannot register API 'Board Extension:GNSS1A1' from pack STMicroelectronics.X-CUBE-GNSS1.5.2.0: no header file found
2021-10-01 15:49:14,936 [WARN] ApiManager:294 - Cannot register API 'Board Support:Custom' from pack STMicroelectronics.X-CUBE-GNSS1.5.2.0: no header file found
2021-10-01 15:49:14,936 [WARN] ApiManager:294 - Cannot register API 'Data Exchange:lib_gnss' from pack STMicroelectronics.X-CUBE-GNSS1.5.2.0: no header file found
2021-10-01 15:49:14,936 [WARN] ApiManager:294 - Cannot register API 'Wireless:BlueNRG-MS' from pack STMicroelectronics.X-CUBE-BLE1.6.1.0: no header file found
2021-10-01 15:49:14,937 [WARN] ApiManager:294 - Cannot register API 'Wireless:BlueNRG-MS' from pack STMicroelectronics.X-CUBE-BLE1.6.2.1: no header file found
2021-10-01 15:49:14,937 [WARN] ApiManager:294 - Cannot register API 'Wireless:BlueNRG-2' from pack STMicroelectronics.X-CUBE-BLE2.3.2.1: no header file found
2021-10-01 15:49:14,938 [WARN] ApiManager:294 - Cannot register API 'Board Extension:NFC04A1' from pack STMicroelectronics.X-CUBE-NFC4.2.0.3: no header file found
2021-10-01 15:49:14,938 [WARN] ApiManager:294 - Cannot register API 'Board Extension:NFC04A1' from pack STMicroelectronics.X-CUBE-NFC4.2.0.1: no header file found
2021-10-01 15:49:14,939 [WARN] ApiManager:294 - Cannot register API 'Wireless:BlueNRG-2' from pack STMicroelectronics.X-CUBE-BLE2.3.1.0: no header file found
2021-10-01 15:49:15,402 [INFO] UtilMem:74 - End LoadConfig() Used Memory: 694995600 Bytes (1073741824)
2021-10-01 15:49:15,402 [WARN] ThirdParty:749 - waiting for thirdparty lock release [change project]
2021-10-01 15:49:15,402 [INFO] ThirdParty:751 - entering critical section [change project]
2021-10-01 15:49:15,402 [INFO] ThirdParty:939 - CMSIS Pack Vendor :STMicroelectronics X-CUBE-SFXS2LP1 3.1.0
2021-10-01 15:49:15,402 [INFO] ThirdParty:939 - CMSIS Pack Vendor :RoweBots I-CUBE-UNISONRTOS 5.5.0-4
2021-10-01 15:49:15,402 [INFO] ThirdParty:939 - CMSIS Pack Vendor :STMicroelectronics X-CUBE-AZRTOS-F4 1.0.0
2021-10-01 15:49:15,403 [INFO] ThirdParty:939 - CMSIS Pack Vendor :STMicroelectronics USB_HOST 2.0.0
2021-10-01 15:49:15,403 [INFO] ThirdParty:939 - CMSIS Pack Vendor :STMicroelectronics X-CUBE-AZRTOS-H7 2.0.0
2021-10-01 15:49:15,403 [INFO] ThirdParty:939 - CMSIS Pack Vendor :STMicroelectronics X-CUBE-SUBG2 3.0.1
2021-10-01 15:49:15,403 [INFO] ThirdParty:939 - CMSIS Pack Vendor :STMicroelectronics X-CUBE-AZRTOS-L4 1.0.0
2021-10-01 15:49:15,403 [INFO] ThirdParty:939 - CMSIS Pack Vendor :STMicroelectronics USB_DEVICE 3.0.0
2021-10-01 15:49:15,403 [INFO] ThirdParty:939 - CMSIS Pack Vendor :STMicroelectronics X-CUBE-TOF1 2.0.0
2021-10-01 15:49:15,403 [INFO] ThirdParty:939 - CMSIS Pack Vendor :STMicroelectronics HAL Drivers 0.0.0
2021-10-01 15:49:15,403 [INFO] ThirdParty:939 - CMSIS Pack Vendor :STMicroelectronics MBEDTLS 2.16.2
2021-10-01 15:49:15,403 [INFO] ThirdParty:939 - CMSIS Pack Vendor :STMicroelectronics X-CUBE-SFXS2LP1 2.0.0
2021-10-01 15:49:15,403 [INFO] ThirdParty:939 - CMSIS Pack Vendor :STMicroelectronics MBEDTLS 2.14.1
2021-10-01 15:49:15,403 [INFO] ThirdParty:939 - CMSIS Pack Vendor :STMicroelectronics X-CUBE-MEMS1 9.0.0
2021-10-01 15:49:15,403 [INFO] ThirdParty:939 - CMSIS Pack Vendor :STMicroelectronics X-CUBE-SUBG2 4.2.0
2021-10-01 15:49:15,403 [INFO] ThirdParty:939 - CMSIS Pack Vendor :STMicroelectronics X-CUBE-ALS 1.0.1
2021-10-01 15:49:15,403 [INFO] ThirdParty:939 - CMSIS Pack Vendor :STMicroelectronics USB_DEVICE 2.0.0
2021-10-01 15:49:15,404 [INFO] ThirdParty:939 - CMSIS Pack Vendor :STMicroelectronics X-CUBE-AI 7.0.0
2021-10-01 15:49:15,404 [INFO] ThirdParty:939 - CMSIS Pack Vendor :STMicroelectronics X-CUBE-MEMS1 8.2.0
2021-10-01 15:49:15,404 [INFO] ThirdParty:939 - CMSIS Pack Vendor :STMicroelectronics X-CUBE-ALGOBUILD 1.2.1
2021-10-01 15:49:15,404 [INFO] ThirdParty:939 - CMSIS Pack Vendor :STMicroelectronics X-CUBE-EEPRMA1 3.0.0
2021-10-01 15:49:15,404 [INFO] ThirdParty:939 - CMSIS Pack Vendor :STMicroelectronics X-CUBE-DISPLAY 1.0.0
2021-10-01 15:49:15,404 [INFO] ThirdParty:939 - CMSIS Pack Vendor :STMicroelectronics FreeRTOS 0.0.1
2021-10-01 15:49:15,404 [INFO] ThirdParty:939 - CMSIS Pack Vendor :STMicroelectronics USB_DEVICE 1.0.0
2021-10-01 15:49:15,404 [INFO] ThirdParty:939 - CMSIS Pack Vendor :STMicroelectronics X-CUBE-ALGOBUILD 1.1.0
2021-10-01 15:49:15,404 [INFO] ThirdParty:939 - CMSIS Pack Vendor :SEGGER I-CUBE-embOS 1.2.0
2021-10-01 15:49:15,404 [INFO] ThirdParty:939 - CMSIS Pack Vendor :STMicroelectronics X-CUBE-EEPRMA1 3.1.0
2021-10-01 15:49:15,404 [INFO] ThirdParty:939 - CMSIS Pack Vendor :STMicroelectronics X-CUBE-GNSS1 5.1.0
2021-10-01 15:49:15,405 [INFO] ThirdParty:939 - CMSIS Pack Vendor :STMicroelectronics X-CUBE-GNSS1 5.2.0
2021-10-01 15:49:15,405 [INFO] ThirdParty:939 - CMSIS Pack Vendor :STMicroelectronics X-CUBE-BLE1 6.1.0
2021-10-01 15:49:15,405 [INFO] ThirdParty:939 - CMSIS Pack Vendor :STMicroelectronics lwIP 2.0.3
2021-10-01 15:49:15,405 [INFO] ThirdParty:939 - CMSIS Pack Vendor :STMicroelectronics lwIP 2.1.2
2021-10-01 15:49:15,405 [INFO] ThirdParty:939 - CMSIS Pack Vendor :STMicroelectronics X-CUBE-BLE1 6.2.1
2021-10-01 15:49:15,405 [INFO] ThirdParty:939 - CMSIS Pack Vendor :STMicroelectronics X-CUBE-BLE2 3.2.1
2021-10-01 15:49:15,405 [INFO] ThirdParty:939 - CMSIS Pack Vendor :STMicroelectronics USB_HOST 1.0.0
2021-10-01 15:49:15,405 [INFO] ThirdParty:939 - CMSIS Pack Vendor :STMicroelectronics X-CUBE-NFC4 2.0.3
2021-10-01 15:49:15,405 [INFO] ThirdParty:939 - CMSIS Pack Vendor :wolfSSL I-CUBE-wolfSSL 4.8.0
2021-10-01 15:49:15,405 [INFO] ThirdParty:939 - CMSIS Pack Vendor :STMicroelectronics X-CUBE-TOUCHGFX 4.17.0
2021-10-01 15:49:15,405 [INFO] ThirdParty:939 - CMSIS Pack Vendor :STMicroelectronics X-CUBE-NFC4 2.0.1
2021-10-01 15:49:15,405 [INFO] ThirdParty:939 - CMSIS Pack Vendor :STMicroelectronics X-CUBE-AI 5.2.0
2021-10-01 15:49:15,405 [INFO] ThirdParty:939 - CMSIS Pack Vendor :STMicroelectronics PDM2PCM 3.1.0
2021-10-01 15:49:15,406 [INFO] ThirdParty:939 - CMSIS Pack Vendor :STMicroelectronics X-CUBE-TOUCHGFX 4.16.0
2021-10-01 15:49:15,406 [INFO] ThirdParty:939 - CMSIS Pack Vendor :STMicroelectronics PDM2PCM 3.2.0
2021-10-01 15:49:15,406 [INFO] ThirdParty:939 - CMSIS Pack Vendor :STMicroelectronics X-CUBE-BLE2 3.1.0
2021-10-01 15:49:15,406 [INFO] ThirdParty:939 - CMSIS Pack Vendor :STMicroelectronics PDM2PCM 3.3.0
2021-10-01 15:49:15,406 [INFO] ThirdParty:757 - exiting critical section [change project]
2021-10-01 15:49:15,454 [INFO] PinOutPanel:1434 - setPackage(No Configuration,No Configuration)
2021-10-01 15:49:15,455 [INFO] PinOutPanel:1434 - setPackage(STM32F030F4Px,TSSOP20)
2021-10-01 15:49:16,110 [INFO] UtilMem:74 - Before build in PCC Used Memory: 745302592 Bytes (1073741824)
2021-10-01 15:49:16,209 [INFO] SharedServices:72 - Folder for power plug-in: C:/Users/frisc_000/.stm32cubemx/plugins/power
2021-10-01 15:49:16,238 [INFO] SharedServices:72 - Folder for power plug-in: C:/Users/frisc_000/.stm32cubemx/plugins/power
2021-10-01 15:49:16,258 [INFO] SharedServices:72 - Folder for power plug-in: C:/Users/frisc_000/.stm32cubemx/plugins/power
2021-10-01 15:49:16,260 [INFO] SharedServices:72 - Folder for power plug-in: C:/Users/frisc_000/.stm32cubemx/plugins/power
2021-10-01 15:49:16,288 [INFO] UtilMem:74 - After build in PCC Used Memory: 784622152 Bytes (1073741824)
2021-10-01 15:49:16,298 [INFO] IPUIPlugin:64 - create IPUIPlugin
2021-10-01 15:49:16,298 [INFO] IPUIPlugin:64 - create IPUIPlugin
2021-10-01 15:49:16,298 [INFO] IPUIPlugin:64 - create IPUIPlugin
2021-10-01 15:49:16,298 [INFO] IPUIPlugin:64 - create IPUIPlugin
2021-10-01 15:49:16,298 [INFO] IPUIPlugin:64 - create IPUIPlugin
2021-10-01 15:49:16,298 [INFO] IPUIPlugin:64 - create IPUIPlugin
2021-10-01 15:49:16,299 [INFO] IPUIPlugin:64 - create IPUIPlugin
2021-10-01 15:49:16,299 [INFO] IPUIPlugin:64 - create IPUIPlugin
2021-10-01 15:49:16,299 [INFO] IPUIPlugin:64 - create IPUIPlugin
2021-10-01 15:49:16,299 [INFO] IPUIPlugin:64 - create IPUIPlugin
2021-10-01 15:49:16,299 [INFO] IPUIPlugin:64 - create IPUIPlugin
2021-10-01 15:49:16,300 [INFO] IPUIPlugin:64 - create IPUIPlugin
2021-10-01 15:49:16,300 [INFO] IPUIPlugin:64 - create IPUIPlugin
2021-10-01 15:49:16,300 [INFO] IPUIPlugin:64 - create IPUIPlugin
2021-10-01 15:49:16,300 [INFO] IPUIPlugin:64 - create IPUIPlugin
2021-10-01 15:49:16,300 [INFO] IPUIPlugin:64 - create IPUIPlugin
2021-10-01 15:49:16,301 [INFO] IPUIPlugin:64 - create IPUIPlugin
2021-10-01 15:49:16,301 [INFO] IPUIPlugin:64 - create IPUIPlugin
2021-10-01 15:49:16,301 [INFO] IPUIPlugin:64 - create IPUIPlugin
2021-10-01 15:49:16,301 [INFO] IPUIPlugin:64 - create IPUIPlugin
2021-10-01 15:49:16,301 [INFO] IPUIPlugin:64 - create IPUIPlugin
2021-10-01 15:49:16,316 [INFO] OpenFileManager:294 - Restore cursor
2021-10-01 15:49:16,497 [INFO] UtilMem:74 - End SaveConfig() Used Memory: 821554200 Bytes (1073741824)
2021-10-01 15:49:16,538 [INFO] UtilMem:74 - End SaveConfig() Used Memory: 826718560 Bytes (1073741824)
2021-10-01 15:49:16,718 [INFO] BlockDiagram:2735 - set Specific Code input for plugin: NVIC
2021-10-01 15:49:16,718 [INFO] BlockDiagram:2735 - set Specific Code input for plugin: SYS
2021-10-01 15:49:16,718 [INFO] BlockDiagram:2735 - set Specific Code input for plugin: RCC
2021-10-01 15:49:16,719 [INFO] CodeGenerator:639 - code generatio: config db path: C:\Program Files\STMicroelectronics\STM32Cube\STM32CubeIDE_1.5.1\STM32CubeIDE\plugins\com.st.stm32cube.common.mx_6.1.1.202012091304\\db\
2021-10-01 15:49:16,858 [INFO] CodeEngine:229 - oldGeneratedFile, C:\Users\frisc_000\Documents\GitHub\Avionics-Power-PCB\Power_STM32CubeIDE\Avionics-Power-STM32_Project2\MXTmpFiles\license.tmp_save
2021-10-01 15:49:16,924 [INFO] CodeEngine:247 - Generated code: C:\Users\frisc_000\Documents\GitHub\Avionics-Power-PCB\Power_STM32CubeIDE\Avionics-Power-STM32_Project2\MXTmpFiles\license.tmp
2021-10-01 15:49:16,946 [INFO] CodeEngine:229 - oldGeneratedFile, C:\Users\frisc_000\Documents\GitHub\Avionics-Power-PCB\Power_STM32CubeIDE\Avionics-Power-STM32_Project2\Core\Src\stm32f0xx_it.c_save
2021-10-01 15:49:17,042 [INFO] CodeEngine:247 - Generated code: C:\Users\frisc_000\Documents\GitHub\Avionics-Power-PCB\Power_STM32CubeIDE\Avionics-Power-STM32_Project2\Core\Src\stm32f0xx_it.c
2021-10-01 15:49:17,046 [INFO] CodeEngine:229 - oldGeneratedFile, C:\Users\frisc_000\Documents\GitHub\Avionics-Power-PCB\Power_STM32CubeIDE\Avionics-Power-STM32_Project2\Core\Inc\stm32f0xx_it.h_save
2021-10-01 15:49:17,134 [INFO] CodeEngine:247 - Generated code: C:\Users\frisc_000\Documents\GitHub\Avionics-Power-PCB\Power_STM32CubeIDE\Avionics-Power-STM32_Project2\Core\Inc\stm32f0xx_it.h
2021-10-01 15:49:17,144 [INFO] CodeEngine:229 - oldGeneratedFile, C:\Users\frisc_000\Documents\GitHub\Avionics-Power-PCB\Power_STM32CubeIDE\Avionics-Power-STM32_Project2\Core\Src\stm32f0xx_hal_msp.c_save
2021-10-01 15:49:17,250 [INFO] CodeEngine:247 - Generated code: C:\Users\frisc_000\Documents\GitHub\Avionics-Power-PCB\Power_STM32CubeIDE\Avionics-Power-STM32_Project2\Core\Src\stm32f0xx_hal_msp.c
2021-10-01 15:49:17,255 [INFO] CodeEngine:229 - oldGeneratedFile, C:\Users\frisc_000\Documents\GitHub\Avionics-Power-PCB\Power_STM32CubeIDE\Avionics-Power-STM32_Project2\MXTmpFiles\system.tmp_save
2021-10-01 15:49:17,316 [INFO] CodeEngine:247 - Generated code: C:\Users\frisc_000\Documents\GitHub\Avionics-Power-PCB\Power_STM32CubeIDE\Avionics-Power-STM32_Project2\MXTmpFiles\system.tmp
2021-10-01 15:49:17,326 [INFO] CodeEngine:229 - oldGeneratedFile, C:\Users\frisc_000\Documents\GitHub\Avionics-Power-PCB\Power_STM32CubeIDE\Avionics-Power-STM32_Project2\Core\Inc\stm32f0xx_hal_conf.h_save
2021-10-01 15:49:17,399 [INFO] CodeEngine:247 - Generated code: C:\Users\frisc_000\Documents\GitHub\Avionics-Power-PCB\Power_STM32CubeIDE\Avionics-Power-STM32_Project2\Core\Inc\stm32f0xx_hal_conf.h
2021-10-01 15:49:17,426 [INFO] CodeEngine:229 - oldGeneratedFile, C:\Users\frisc_000\Documents\GitHub\Avionics-Power-PCB\Power_STM32CubeIDE\Avionics-Power-STM32_Project2\Core\Inc\main.h_save
2021-10-01 15:49:17,516 [INFO] CodeEngine:247 - Generated code: C:\Users\frisc_000\Documents\GitHub\Avionics-Power-PCB\Power_STM32CubeIDE\Avionics-Power-STM32_Project2\Core\Inc\main.h
2021-10-01 15:49:17,519 [INFO] CodeEngine:229 - oldGeneratedFile, C:\Users\frisc_000\Documents\GitHub\Avionics-Power-PCB\Power_STM32CubeIDE\Avionics-Power-STM32_Project2\Core\Src\main.c_save
2021-10-01 15:49:17,607 [INFO] CodeEngine:247 - Generated code: C:\Users\frisc_000\Documents\GitHub\Avionics-Power-PCB\Power_STM32CubeIDE\Avionics-Power-STM32_Project2\Core\Src\main.c
2021-10-01 15:49:18,043 [INFO] ProjectBuilder:2328 - Time for Copy HAL[1] : 58mS.
2021-10-01 15:49:18,048 [INFO] ProjectBuilder:3259 - Project Generator version: 3.11.2
2021-10-01 15:49:18,271 [INFO] ConfigFileManager:1238 - The Die is : DIE444
2021-10-01 15:49:18,273 [INFO] ApiDbMcu:456 - Load IP Config File for FATFS
2021-10-01 15:49:18,277 [INFO] ApiDbMcu:456 - Load IP Config File for FREERTOS
2021-10-01 15:49:20,729 [INFO] ProjectBuilder:3425 - Time for Generating toolchain IDE Files: 2681mS.
2021-10-01 15:49:20,730 [INFO] ProjectBuilder:2207 - Time for Copy CMSIS : 1mS.
2021-10-01 15:49:20,733 [INFO] ProjectBuilder:2207 - Time for Copy CMSIS : 0mS.
2021-10-01 15:49:21,462 [INFO] ApiDb:263 - Save user favorites file C:\Users\frisc_000/.stm32cubeide/favorites.mcus.txt: 0 item(s)
2021-10-01 15:49:21,462 [INFO] ApiDb:267 - User favorites MCUs=[]
2021-10-01 15:49:44,901 [INFO] I2cTimingTraitement:320 - 0x2000090E
2021-10-01 15:54:35,005 [INFO] DmaTabbedPanel:192 - Cannot restore the selected Tab for DMA
